

================================================================
== Vivado HLS Report for 'Block_proc11'
================================================================
* Date:           Mon Nov 11 13:37:59 2019

* Version:        2017.4 (Build 2086221 on Fri Dec 15 21:13:33 MST 2017)
* Project:        prj.hlsObj
* Solution:       solution
* Product family: zynq
* Target device:  xc7z020clg484-1


================================================================
== Performance Estimates
================================================================
+ Timing (ns): 
    * Summary: 
    +--------+-------+----------+------------+
    |  Clock | Target| Estimated| Uncertainty|
    +--------+-------+----------+------------+
    |ap_clk  |  10.00|      7.44|        1.25|
    +--------+-------+----------+------------+

+ Latency (clock cycles): 
    * Summary: 
    +-----+-----+-----+-----+---------+
    |  Latency  |  Interval | Pipeline|
    | min | max | min | max |   Type  |
    +-----+-----+-----+-----+---------+
    |    ?|    ?|    ?|    ?|   none  |
    +-----+-----+-----+-----+---------+

    + Detail: 
        * Instance: 
        +---------------------------+----------------+-----+-----+-----+-----+---------+
        |                           |                |  Latency  |  Interval | Pipeline|
        |          Instance         |     Module     | min | max | min | max |   Type  |
        +---------------------------+----------------+-----+-----+-----+-----+---------+
        |grp_forward_fu_197         |forward         |    ?|    ?|    ?|    ?|   none  |
        |grp_getRequestHead_fu_204  |getRequestHead  |    4|    4|    4|    4|   none  |
        +---------------------------+----------------+-----+-----+-----+-----+---------+

        * Loop: 
        +----------+-----+-----+----------+-----------+-----------+------+----------+
        |          |  Latency  | Iteration|  Initiation Interval  | Trip |          |
        | Loop Name| min | max |  Latency |  achieved |   target  | Count| Pipelined|
        +----------+-----+-----+----------+-----------+-----------+------+----------+
        |- Loop 1  |    2|    2|         1|          -|          -|     2|    no    |
        |- Loop 2  |    ?|    ?|         1|          -|          -|     ?|    no    |
        +----------+-----+-----+----------+-----------+-----------+------+----------+

============================================================
+ Verbose Summary: Synthesis Manager
============================================================
InlineROM: 1
ExposeGlobal: 0
============================================================
+ Verbose Summary: CDFG Model
============================================================
IsTopModel: 0
ResetActiveHigh: 1
IsCombinational: 2
IsDatapathOnly: 0
HasWiredReturn: 1
HasMFsm: 0
HasVarLatency: 1
IsPipeline: 0
IsRtlPipelined: 0
IsInstanceOverlapped: 0
IsDontTouch: 0
HasImplIP: 0
IsGatedGlobalClock: 0


============================================================
+ Verbose Summary: Schedule
============================================================
* Number of FSM states : 10
* Pipeline : 0
* Dataflow Pipeline: 0

* FSM state transitions: 
1 --> 
	2  / true
2 --> 
	3  / true
3 --> 
	4  / (!tmp)
	5  / (tmp & !tmp_1 & !tmp_4)
	6  / (tmp & !tmp_1 & tmp_4)
	9  / (tmp & tmp_1)
4 --> 
	8  / true
5 --> 
	8  / true
6 --> 
	7  / true
7 --> 
	8  / true
8 --> 
	8  / (tmp & !tmp_1 & tmp_4 & tmp_14)
9 --> 
	10  / (tmp_5)
	9  / (!tmp_5)
10 --> 
	8  / true

* FSM state operations: 

 <State 1> : 2.32ns
ST_1 : Operation 11 [1/1] (2.32ns)   --->   "%words32 = alloca [2 x i32], align 4" [./wrapperAdmin.cc:89->./wrapperAdmin.cc:80->./wrapperAdmin.cc:132]   --->   Core 37 'RAM' <Latency = 1> <II = 1> <Delay = 2.32> <Storage> <Opcode : 'load' 'store'> <Ports = 2> <Width = 32> <Depth = 2> <RAM>
ST_1 : Operation 12 [2/2] (0.00ns)   --->   "call fastcc void @getRequestHead(i32* %din_V)" [./wrapperAdmin.cc:126]   --->   Core 0 '' <Latency = 0> <II = 1> <Delay = 1.00> <Generic> <Opcode : >

 <State 2> : 0.00ns
ST_2 : Operation 13 [1/2] (0.00ns)   --->   "call fastcc void @getRequestHead(i32* %din_V)" [./wrapperAdmin.cc:126]   --->   Core 0 '' <Latency = 0> <II = 1> <Delay = 1.00> <Generic> <Opcode : >

 <State 3> : 3.63ns
ST_3 : Operation 14 [1/1] (0.00ns)   --->   "call void (...)* @_ssdm_op_SpecInterface(i32* %din_V, [8 x i8]* @p_str2, i32 0, i32 0, [1 x i8]* @p_str, i32 0, i32 0, [1 x i8]* @p_str, [1 x i8]* @p_str, [1 x i8]* @p_str, i32 0, i32 0, i32 0, i32 0, [1 x i8]* @p_str, [1 x i8]* @p_str)"
ST_3 : Operation 15 [1/1] (0.00ns)   --->   "call void (...)* @_ssdm_op_SpecInterface(i32* %dout_V, [8 x i8]* @p_str2, i32 0, i32 0, [1 x i8]* @p_str, i32 0, i32 0, [1 x i8]* @p_str, [1 x i8]* @p_str, [1 x i8]* @p_str, i32 0, i32 0, i32 0, i32 0, [1 x i8]* @p_str, [1 x i8]* @p_str)"
ST_3 : Operation 16 [1/1] (0.00ns)   --->   "call void (...)* @_ssdm_op_SpecInterface(i16* %pr_V_areaID, [8 x i8]* @p_str2, i32 0, i32 0, [1 x i8]* @p_str, i32 0, i32 0, [1 x i8]* @p_str, [1 x i8]* @p_str, [1 x i8]* @p_str, i32 0, i32 0, i32 0, i32 0, [1 x i8]* @p_str, [1 x i8]* @p_str)"
ST_3 : Operation 17 [1/1] (0.00ns)   --->   "call void (...)* @_ssdm_op_SpecInterface(i32* %pr_V_addr, [8 x i8]* @p_str2, i32 0, i32 0, [1 x i8]* @p_str, i32 0, i32 0, [1 x i8]* @p_str, [1 x i8]* @p_str, [1 x i8]* @p_str, i32 0, i32 0, i32 0, i32 0, [1 x i8]* @p_str, [1 x i8]* @p_str)"
ST_3 : Operation 18 [1/1] (0.00ns)   --->   "call void (...)* @_ssdm_op_SpecInterface(i1* %prDone_V, [8 x i8]* @p_str2, i32 0, i32 0, [1 x i8]* @p_str, i32 0, i32 0, [1 x i8]* @p_str, [1 x i8]* @p_str, [1 x i8]* @p_str, i32 0, i32 0, i32 0, i32 0, [1 x i8]* @p_str, [1 x i8]* @p_str)"
ST_3 : Operation 19 [1/1] (0.00ns)   --->   "call void (...)* @_ssdm_op_SpecInterface(i32* @bufferRESP_V, [8 x i8]* @ap_fifo_str, i32 0, i32 0, [1 x i8]* @p_str, i32 0, i32 0, [1 x i8]* @p_str, [1 x i8]* @p_str, [1 x i8]* @p_str, i32 2, i32 2, i32 16, i32 16, [1 x i8]* @p_str, [1 x i8]* @p_str)"
ST_3 : Operation 20 [1/1] (0.00ns)   --->   "%header_objectID_load = load i8* @header_objectID, align 1" [./wrapperAdmin.cc:128]
ST_3 : Operation 21 [1/1] (1.55ns)   --->   "%tmp = icmp eq i8 %header_objectID_load, 2" [./wrapperAdmin.cc:128]   --->   Core 25 'Cmp' <Latency = 0> <II = 1> <Delay = 0.95> <FuncUnit> <Opcode : 'icmp'> <InPorts = 2> <OutPorts = 1>
ST_3 : Operation 22 [1/1] (0.00ns)   --->   "%empty = call i32 (...)* @_ssdm_op_SpecChannel([13 x i8]* @bufferRESP_OC_V_str, i32 1, [1 x i8]* @p_str, [1 x i8]* @p_str, i32 16, i32 16, i32* @bufferRESP_V, i32* @bufferRESP_V)"
ST_3 : Operation 23 [1/1] (0.00ns)   --->   "br i1 %tmp, label %0, label %1" [./wrapperAdmin.cc:128]
ST_3 : Operation 24 [1/1] (0.00ns)   --->   "%header_size_load = load i16* @header_size, align 2" [./wrapperAdmin.cc:148]
ST_3 : Operation 25 [2/2] (1.76ns)   --->   "call fastcc void @forward(i32* %din_V, i16 signext %header_size_load)" [./wrapperAdmin.cc:148]   --->   Core 0 '' <Latency = 0> <II = 1> <Delay = 1.00> <Generic> <Opcode : >
ST_3 : Operation 26 [1/1] (0.00ns)   --->   "%header_methodID_load = load i8* @header_methodID, align 1" [./wrapperAdmin.cc:129]
ST_3 : Operation 27 [1/1] (1.55ns)   --->   "%tmp_1 = icmp eq i8 %header_methodID_load, 1" [./wrapperAdmin.cc:129]   --->   Core 25 'Cmp' <Latency = 0> <II = 1> <Delay = 0.95> <FuncUnit> <Opcode : 'icmp'> <InPorts = 2> <OutPorts = 1>
ST_3 : Operation 28 [1/1] (0.00ns)   --->   "br i1 %tmp_1, label %2, label %3" [./wrapperAdmin.cc:129]
ST_3 : Operation 29 [1/1] (1.55ns)   --->   "%tmp_4 = icmp eq i8 %header_methodID_load, 2" [./wrapperAdmin.cc:135]   --->   Core 25 'Cmp' <Latency = 0> <II = 1> <Delay = 0.95> <FuncUnit> <Opcode : 'icmp'> <InPorts = 2> <OutPorts = 1>
ST_3 : Operation 30 [1/1] (0.00ns)   --->   "br i1 %tmp_4, label %5, label %6" [./wrapperAdmin.cc:135]
ST_3 : Operation 31 [1/1] (0.00ns)   --->   "%header_size_load_1 = load i16* @header_size, align 2" [./wrapperAdmin.cc:141]
ST_3 : Operation 32 [2/2] (1.76ns)   --->   "call fastcc void @forward(i32* %din_V, i16 signext %header_size_load_1)" [./wrapperAdmin.cc:141]   --->   Core 0 '' <Latency = 0> <II = 1> <Delay = 1.00> <Generic> <Opcode : >
ST_3 : Operation 33 [1/1] (3.63ns)   --->   "%prDone_V_read = call { i1, i1 } @_ssdm_op_NbRead.ap_fifo.volatile.i1P(i1* %prDone_V)" [./wrapperAdmin.cc:111->./wrapperAdmin.cc:136]   --->   Core 36 'FIFO_SRL' <Latency = 0> <II = 1> <Delay = 3.63> <Storage> <Opcode : 'read' 'write' 'nbread' 'nbwrite'> <Ports = 0> <Width = 32> <Depth = 0> <FIFO>
ST_3 : Operation 34 [1/1] (0.00ns)   --->   "%tmp_16 = extractvalue { i1, i1 } %prDone_V_read, 1" [./wrapperAdmin.cc:111->./wrapperAdmin.cc:136]
ST_3 : Operation 35 [1/1] (0.00ns)   --->   "br i1 %tmp_16, label %8, label %wrapper_status.exit" [./wrapperAdmin.cc:112->./wrapperAdmin.cc:136]
ST_3 : Operation 36 [1/1] (1.76ns)   --->   "store i4 1, i4* @p_status, align 1" [./wrapperAdmin.cc:113->./wrapperAdmin.cc:136]
ST_3 : Operation 37 [1/1] (0.00ns)   --->   "br label %wrapper_status.exit" [./wrapperAdmin.cc:113->./wrapperAdmin.cc:136]
ST_3 : Operation 38 [1/1] (0.00ns)   --->   "%header_cb_load_1 = load i16* @header_cb, align 2" [./wrapperAdmin.cc:40->./wrapperAdmin.cc:130]
ST_3 : Operation 39 [1/1] (0.00ns)   --->   "%tmp_s = call i32 @_ssdm_op_BitConcatenate.i32.i16.i16(i16 %header_cb_load_1, i16 0)" [./wrapperAdmin.cc:40->./wrapperAdmin.cc:130]
ST_3 : Operation 40 [1/1] (0.00ns)   --->   "%words32_6 = or i32 %tmp_s, 257" [./wrapperAdmin.cc:40->./wrapperAdmin.cc:130]
ST_3 : Operation 41 [1/1] (3.63ns)   --->   "call void @_ssdm_op_Write.ap_fifo.volatile.i32P(i32* %dout_V, i32 %words32_6)" [./wrapperAdmin.cc:41->./wrapperAdmin.cc:130]   --->   Core 36 'FIFO_SRL' <Latency = 0> <II = 1> <Delay = 3.63> <Storage> <Opcode : 'read' 'write' 'nbread' 'nbwrite'> <Ports = 0> <Width = 32> <Depth = 0> <FIFO>
ST_3 : Operation 42 [1/1] (1.76ns)   --->   "br label %4" [./wrapperAdmin.cc:91->./wrapperAdmin.cc:80->./wrapperAdmin.cc:132]

 <State 4> : 3.63ns
ST_4 : Operation 43 [1/2] (0.00ns)   --->   "call fastcc void @forward(i32* %din_V, i16 signext %header_size_load)" [./wrapperAdmin.cc:148]   --->   Core 0 '' <Latency = 0> <II = 1> <Delay = 1.00> <Generic> <Opcode : >
ST_4 : Operation 44 [1/1] (0.00ns)   --->   "%header_cb_load = load i16* @header_cb, align 2" [./wrapperAdmin.cc:40->./wrapperAdmin.cc:149]
ST_4 : Operation 45 [1/1] (0.00ns)   --->   "%header_methodID_load_1 = load i8* @header_methodID, align 1" [./wrapperAdmin.cc:40->./wrapperAdmin.cc:149]
ST_4 : Operation 46 [1/1] (0.00ns)   --->   "%tmp_6 = call i32 @_ssdm_op_BitConcatenate.i32.i16.i8.i8(i16 %header_cb_load, i8 %header_methodID_load_1, i8 0)" [./wrapperAdmin.cc:40->./wrapperAdmin.cc:149]
ST_4 : Operation 47 [1/1] (0.00ns)   --->   "%words32_5 = or i32 %tmp_6, 3" [./wrapperAdmin.cc:40->./wrapperAdmin.cc:149]
ST_4 : Operation 48 [1/1] (3.63ns)   --->   "call void @_ssdm_op_Write.ap_fifo.volatile.i32P(i32* %dout_V, i32 %words32_5)" [./wrapperAdmin.cc:41->./wrapperAdmin.cc:149]   --->   Core 36 'FIFO_SRL' <Latency = 0> <II = 1> <Delay = 3.63> <Storage> <Opcode : 'read' 'write' 'nbread' 'nbwrite'> <Ports = 0> <Width = 32> <Depth = 0> <FIFO>
ST_4 : Operation 49 [1/1] (0.00ns)   --->   "br label %.ret.exitStub"

 <State 5> : 3.63ns
ST_5 : Operation 50 [1/2] (0.00ns)   --->   "call fastcc void @forward(i32* %din_V, i16 signext %header_size_load_1)" [./wrapperAdmin.cc:141]   --->   Core 0 '' <Latency = 0> <II = 1> <Delay = 1.00> <Generic> <Opcode : >
ST_5 : Operation 51 [1/1] (0.00ns)   --->   "%header_cb_load_2 = load i16* @header_cb, align 2" [./wrapperAdmin.cc:40->./wrapperAdmin.cc:142]
ST_5 : Operation 52 [1/1] (0.00ns)   --->   "%header_methodID_load_2 = load i8* @header_methodID, align 1" [./wrapperAdmin.cc:40->./wrapperAdmin.cc:142]
ST_5 : Operation 53 [1/1] (0.00ns)   --->   "%tmp_7 = call i32 @_ssdm_op_BitConcatenate.i32.i16.i8.i8(i16 %header_cb_load_2, i8 %header_methodID_load_2, i8 0)" [./wrapperAdmin.cc:40->./wrapperAdmin.cc:142]
ST_5 : Operation 54 [1/1] (0.00ns)   --->   "%words32_7 = or i32 %tmp_7, 3" [./wrapperAdmin.cc:40->./wrapperAdmin.cc:142]
ST_5 : Operation 55 [1/1] (3.63ns)   --->   "call void @_ssdm_op_Write.ap_fifo.volatile.i32P(i32* %dout_V, i32 %words32_7)" [./wrapperAdmin.cc:41->./wrapperAdmin.cc:142]   --->   Core 36 'FIFO_SRL' <Latency = 0> <II = 1> <Delay = 3.63> <Storage> <Opcode : 'read' 'write' 'nbread' 'nbwrite'> <Ports = 0> <Width = 32> <Depth = 0> <FIFO>
ST_5 : Operation 56 [1/1] (0.00ns)   --->   "br label %buildResponse.exit"

 <State 6> : 3.80ns
ST_6 : Operation 57 [1/1] (0.00ns)   --->   "%p_status_load = load i4* @p_status, align 1"
ST_6 : Operation 58 [1/1] (0.00ns)   --->   "%tmp_11 = zext i4 %p_status_load to i32"
ST_6 : Operation 59 [1/1] (3.80ns)   --->   "call void @_ssdm_op_Write.ap_fifo.volatile.i32P(i32* @bufferRESP_V, i32 %tmp_11)" [./wrapperAdmin.cc:114->./wrapperAdmin.cc:136]   --->   Core 32 'FIFO' <Latency = 0> <II = 1> <Delay = 3.80> <Storage> <Opcode : 'read' 'write' 'nbread' 'nbwrite'> <Ports = 0> <Width = 32> <Depth = 16> <FIFO>
ST_6 : Operation 60 [1/1] (0.00ns)   --->   "%header_cb_load_3 = load i16* @header_cb, align 2" [./wrapperAdmin.cc:40->./wrapperAdmin.cc:137]
ST_6 : Operation 61 [1/1] (0.00ns)   --->   "%tmp_12 = call i32 @_ssdm_op_BitConcatenate.i32.i16.i16(i16 %header_cb_load_3, i16 0)" [./wrapperAdmin.cc:40->./wrapperAdmin.cc:137]
ST_6 : Operation 62 [1/1] (0.00ns)   --->   "%words32_8 = or i32 %tmp_12, 517" [./wrapperAdmin.cc:40->./wrapperAdmin.cc:137]
ST_6 : Operation 63 [1/1] (3.63ns)   --->   "call void @_ssdm_op_Write.ap_fifo.volatile.i32P(i32* %dout_V, i32 %words32_8)" [./wrapperAdmin.cc:41->./wrapperAdmin.cc:137]   --->   Core 36 'FIFO_SRL' <Latency = 0> <II = 1> <Delay = 3.63> <Storage> <Opcode : 'read' 'write' 'nbread' 'nbwrite'> <Ports = 0> <Width = 32> <Depth = 0> <FIFO>

 <State 7> : 3.63ns
ST_7 : Operation 64 [1/1] (3.63ns)   --->   "call void @_ssdm_op_Write.ap_fifo.volatile.i32P(i32* %dout_V, i32 131073)" [./wrapperAdmin.cc:44->./wrapperAdmin.cc:137]   --->   Core 36 'FIFO_SRL' <Latency = 0> <II = 1> <Delay = 3.63> <Storage> <Opcode : 'read' 'write' 'nbread' 'nbwrite'> <Ports = 0> <Width = 32> <Depth = 0> <FIFO>
ST_7 : Operation 65 [1/1] (0.00ns)   --->   "br label %9" [./wrapperAdmin.cc:45->./wrapperAdmin.cc:137]

 <State 8> : 7.44ns
ST_8 : Operation 66 [1/1] (0.00ns)   --->   "%tmp_14 = call i1 @_ssdm_op_NbReadReq.ap_fifo.i32P(i32* @bufferRESP_V, i32 1)" [./wrapperAdmin.cc:45->./wrapperAdmin.cc:137]   --->   Core 32 'FIFO' <Latency = 0> <II = 1> <Delay = 3.80> <Storage> <Opcode : 'read' 'write' 'nbread' 'nbwrite'> <Ports = 0> <Width = 32> <Depth = 16> <FIFO>
ST_8 : Operation 67 [1/1] (0.00ns)   --->   "br i1 %tmp_14, label %10, label %buildResponse.exit.loopexit" [./wrapperAdmin.cc:45->./wrapperAdmin.cc:137]
ST_8 : Operation 68 [1/1] (3.80ns)   --->   "%tmp_15 = call i32 @_ssdm_op_Read.ap_fifo.volatile.i32P(i32* @bufferRESP_V)" [./wrapperAdmin.cc:46->./wrapperAdmin.cc:137]   --->   Core 32 'FIFO' <Latency = 0> <II = 1> <Delay = 3.80> <Storage> <Opcode : 'read' 'write' 'nbread' 'nbwrite'> <Ports = 0> <Width = 32> <Depth = 16> <FIFO>
ST_8 : Operation 69 [1/1] (3.63ns)   --->   "call void @_ssdm_op_Write.ap_fifo.volatile.i32P(i32* %dout_V, i32 %tmp_15)" [./wrapperAdmin.cc:46->./wrapperAdmin.cc:137]   --->   Core 36 'FIFO_SRL' <Latency = 0> <II = 1> <Delay = 3.63> <Storage> <Opcode : 'read' 'write' 'nbread' 'nbwrite'> <Ports = 0> <Width = 32> <Depth = 0> <FIFO>
ST_8 : Operation 70 [1/1] (0.00ns)   --->   "br label %9" [./wrapperAdmin.cc:46->./wrapperAdmin.cc:137]
ST_8 : Operation 71 [1/1] (0.00ns)   --->   "br label %buildResponse.exit"
ST_8 : Operation 72 [1/1] (0.00ns)   --->   "br label %11"
ST_8 : Operation 73 [1/1] (0.00ns)   --->   "br label %.ret.exitStub" [./wrapperAdmin.cc:146]
ST_8 : Operation 74 [1/1] (0.00ns)   --->   "ret void"

 <State 9> : 5.96ns
ST_9 : Operation 75 [1/1] (0.00ns)   --->   "%it_0_i_i = phi i2 [ 0, %2 ], [ %it, %7 ]"
ST_9 : Operation 76 [1/1] (0.95ns)   --->   "%tmp_5 = icmp eq i2 %it_0_i_i, -2" [./wrapperAdmin.cc:91->./wrapperAdmin.cc:80->./wrapperAdmin.cc:132]   --->   Core 25 'Cmp' <Latency = 0> <II = 1> <Delay = 0.95> <FuncUnit> <Opcode : 'icmp'> <InPorts = 2> <OutPorts = 1>
ST_9 : Operation 77 [1/1] (0.00ns)   --->   "%empty_23 = call i32 (...)* @_ssdm_op_SpecLoopTripCount(i64 2, i64 2, i64 2)"
ST_9 : Operation 78 [1/1] (1.56ns)   --->   "%it = add i2 %it_0_i_i, 1" [./wrapperAdmin.cc:91->./wrapperAdmin.cc:80->./wrapperAdmin.cc:132]   --->   Core 14 'AddSub' <Latency = 0> <II = 1> <Delay = 1.56> <FuncUnit> <Opcode : 'add' 'sub'> <InPorts = 2> <OutPorts = 1>
ST_9 : Operation 79 [1/1] (0.00ns)   --->   "br i1 %tmp_5, label %wrapper_newObject.exit, label %7" [./wrapperAdmin.cc:91->./wrapperAdmin.cc:80->./wrapperAdmin.cc:132]
ST_9 : Operation 80 [1/1] (3.63ns)   --->   "%tmp_9 = call i32 @_ssdm_op_Read.ap_fifo.volatile.i32P(i32* %din_V)" [./wrapperAdmin.cc:92->./wrapperAdmin.cc:80->./wrapperAdmin.cc:132]   --->   Core 36 'FIFO_SRL' <Latency = 0> <II = 1> <Delay = 3.63> <Storage> <Opcode : 'read' 'write' 'nbread' 'nbwrite'> <Ports = 0> <Width = 32> <Depth = 0> <FIFO>
ST_9 : Operation 81 [1/1] (0.00ns)   --->   "%tmp_10 = zext i2 %it_0_i_i to i64" [./wrapperAdmin.cc:92->./wrapperAdmin.cc:80->./wrapperAdmin.cc:132]
ST_9 : Operation 82 [1/1] (0.00ns)   --->   "%words32_addr_2 = getelementptr inbounds [2 x i32]* %words32, i64 0, i64 %tmp_10" [./wrapperAdmin.cc:92->./wrapperAdmin.cc:80->./wrapperAdmin.cc:132]
ST_9 : Operation 83 [1/1] (2.32ns)   --->   "store i32 %tmp_9, i32* %words32_addr_2, align 4" [./wrapperAdmin.cc:92->./wrapperAdmin.cc:80->./wrapperAdmin.cc:132]   --->   Core 37 'RAM' <Latency = 1> <II = 1> <Delay = 2.32> <Storage> <Opcode : 'load' 'store'> <Ports = 2> <Width = 32> <Depth = 2> <RAM>
ST_9 : Operation 84 [1/1] (0.00ns)   --->   "br label %4" [./wrapperAdmin.cc:91->./wrapperAdmin.cc:80->./wrapperAdmin.cc:132]
ST_9 : Operation 85 [1/1] (0.00ns)   --->   "%words32_addr = getelementptr [2 x i32]* %words32, i64 0, i64 0"
ST_9 : Operation 86 [2/2] (2.32ns)   --->   "%aux = load i32* %words32_addr, align 4" [./wrapperAdmin.cc:95->./wrapperAdmin.cc:80->./wrapperAdmin.cc:132]   --->   Core 37 'RAM' <Latency = 1> <II = 1> <Delay = 2.32> <Storage> <Opcode : 'load' 'store'> <Ports = 2> <Width = 32> <Depth = 2> <RAM>
ST_9 : Operation 87 [1/1] (0.00ns)   --->   "%words32_addr_1 = getelementptr inbounds [2 x i32]* %words32, i64 0, i64 1" [./wrapperAdmin.cc:95->./wrapperAdmin.cc:80->./wrapperAdmin.cc:132]
ST_9 : Operation 88 [2/2] (2.32ns)   --->   "%words32_load_1 = load i32* %words32_addr_1, align 4" [./wrapperAdmin.cc:96->./wrapperAdmin.cc:80->./wrapperAdmin.cc:132]   --->   Core 37 'RAM' <Latency = 1> <II = 1> <Delay = 2.32> <Storage> <Opcode : 'load' 'store'> <Ports = 2> <Width = 32> <Depth = 2> <RAM>
ST_9 : Operation 89 [1/1] (1.76ns)   --->   "store i4 2, i4* @p_status, align 1" [./wrapperAdmin.cc:82->./wrapperAdmin.cc:132]

 <State 10> : 5.96ns
ST_10 : Operation 90 [1/2] (2.32ns)   --->   "%aux = load i32* %words32_addr, align 4" [./wrapperAdmin.cc:95->./wrapperAdmin.cc:80->./wrapperAdmin.cc:132]   --->   Core 37 'RAM' <Latency = 1> <II = 1> <Delay = 2.32> <Storage> <Opcode : 'load' 'store'> <Ports = 2> <Width = 32> <Depth = 2> <RAM>
ST_10 : Operation 91 [1/2] (2.32ns)   --->   "%words32_load_1 = load i32* %words32_addr_1, align 4" [./wrapperAdmin.cc:96->./wrapperAdmin.cc:80->./wrapperAdmin.cc:132]   --->   Core 37 'RAM' <Latency = 1> <II = 1> <Delay = 2.32> <Storage> <Opcode : 'load' 'store'> <Ports = 2> <Width = 32> <Depth = 2> <RAM>
ST_10 : Operation 92 [1/1] (0.00ns)   --->   "%aux_3 = call i16 @_ssdm_op_PartSelect.i16.i32.i32.i32(i32 %words32_load_1, i32 16, i32 31)" [./wrapperAdmin.cc:96->./wrapperAdmin.cc:80->./wrapperAdmin.cc:132]
ST_10 : Operation 93 [1/1] (3.63ns)   --->   "call void @_ssdm_op_Write.ap_fifo.volatile.i32P.i16P(i32* %pr_V_addr, i16* %pr_V_areaID, i32 %aux, i16 %aux_3)" [./wrapperAdmin.cc:68->./wrapperAdmin.cc:81->./wrapperAdmin.cc:132]   --->   Core 36 'FIFO_SRL' <Latency = 0> <II = 1> <Delay = 3.63> <Storage> <Opcode : 'read' 'write' 'nbread' 'nbwrite'> <Ports = 0> <Width = 32> <Depth = 0> <FIFO>
ST_10 : Operation 94 [1/1] (0.00ns)   --->   "br label %11" [./wrapperAdmin.cc:133]


============================================================
+ Verbose Summary: Binding
============================================================
STG Binding: 
---------------- STG Properties BEGIN ----------------
- Is combinational: 0
- Is one-state seq: 0
- Is datapath-only: 0
- Is pipelined: 0
- Is top level: 0
Port [ Return ] is wired: 1; IO mode=ap_ctrl_hs:ce=0
Port [ din_V]:  wired=1; compound=1; hidden=0; nouse=0; global=0; static=0; extern=0; dir=0; type=3; pingpong=0; private_global=0; IO mode=ap_fifo:ce=0
Port [ dout_V]:  wired=1; compound=1; hidden=0; nouse=0; global=0; static=0; extern=0; dir=1; type=3; pingpong=0; private_global=0; IO mode=ap_fifo:ce=0
Port [ prDone_V]:  wired=1; compound=1; hidden=0; nouse=0; global=0; static=0; extern=0; dir=0; type=3; pingpong=0; private_global=0; IO mode=ap_fifo:ce=0
Port [ pr_V_addr]:  wired=1; compound=1; hidden=0; nouse=0; global=0; static=0; extern=0; dir=1; type=3; pingpong=0; private_global=0; IO mode=ap_fifo:ce=0
Port [ pr_V_areaID]:  wired=1; compound=1; hidden=0; nouse=0; global=0; static=0; extern=0; dir=1; type=3; pingpong=0; private_global=0; IO mode=ap_fifo:ce=0
Port [ header_objectID]:  wired=0; compound=0; hidden=1; nouse=0; global=1; static=1; extern=0; dir=2; type=0; pingpong=0; private_global=1; linkage=7; visibility=0; IO mode=ap_ovld:ce=0
Port [ header_methodID]:  wired=0; compound=0; hidden=1; nouse=0; global=1; static=1; extern=0; dir=2; type=0; pingpong=0; private_global=1; linkage=7; visibility=0; IO mode=ap_ovld:ce=0
Port [ header_cb]:  wired=0; compound=0; hidden=1; nouse=0; global=1; static=1; extern=0; dir=2; type=0; pingpong=0; private_global=1; linkage=7; visibility=0; IO mode=ap_ovld:ce=0
Port [ header_size]:  wired=0; compound=0; hidden=1; nouse=0; global=1; static=1; extern=0; dir=2; type=0; pingpong=0; private_global=1; linkage=7; visibility=0; IO mode=ap_ovld:ce=0
Port [ p_status]:  wired=0; compound=0; hidden=1; nouse=0; global=1; static=1; extern=0; dir=2; type=0; pingpong=0; private_global=1; linkage=7; visibility=0; IO mode=ap_ovld:ce=0
Port [ bufferRESP_V]:  wired=0; compound=1; hidden=1; nouse=0; global=1; static=1; extern=0; dir=2; type=3; pingpong=0; private_global=0; linkage=7; visibility=0; IO mode=ap_fifo:ce=0
---------------- STG Properties END ------------------

---------------- Datapath Model BEGIN ----------------

<LifeTime>
<method=bitvector/>
words32                (alloca           ) [ 00110000010]
StgValue_13            (call             ) [ 00000000000]
StgValue_14            (specinterface    ) [ 00000000000]
StgValue_15            (specinterface    ) [ 00000000000]
StgValue_16            (specinterface    ) [ 00000000000]
StgValue_17            (specinterface    ) [ 00000000000]
StgValue_18            (specinterface    ) [ 00000000000]
StgValue_19            (specinterface    ) [ 00000000000]
header_objectID_load   (load             ) [ 00000000000]
tmp                    (icmp             ) [ 00011111111]
empty                  (specchannel      ) [ 00000000000]
StgValue_23            (br               ) [ 00000000000]
header_size_load       (load             ) [ 00001000000]
header_methodID_load   (load             ) [ 00000000000]
tmp_1                  (icmp             ) [ 00011111111]
StgValue_28            (br               ) [ 00000000000]
tmp_4                  (icmp             ) [ 00011111111]
StgValue_30            (br               ) [ 00000000000]
header_size_load_1     (load             ) [ 00000100000]
prDone_V_read          (nbread           ) [ 00000000000]
tmp_16                 (extractvalue     ) [ 00010000000]
StgValue_35            (br               ) [ 00000000000]
StgValue_36            (store            ) [ 00000000000]
StgValue_37            (br               ) [ 00000000000]
header_cb_load_1       (load             ) [ 00000000000]
tmp_s                  (bitconcatenate   ) [ 00000000000]
words32_6              (or               ) [ 00000000000]
StgValue_41            (write            ) [ 00000000000]
StgValue_42            (br               ) [ 00010000010]
StgValue_43            (call             ) [ 00000000000]
header_cb_load         (load             ) [ 00000000000]
header_methodID_load_1 (load             ) [ 00000000000]
tmp_6                  (bitconcatenate   ) [ 00000000000]
words32_5              (or               ) [ 00000000000]
StgValue_48            (write            ) [ 00000000000]
StgValue_49            (br               ) [ 00000000000]
StgValue_50            (call             ) [ 00000000000]
header_cb_load_2       (load             ) [ 00000000000]
header_methodID_load_2 (load             ) [ 00000000000]
tmp_7                  (bitconcatenate   ) [ 00000000000]
words32_7              (or               ) [ 00000000000]
StgValue_55            (write            ) [ 00000000000]
StgValue_56            (br               ) [ 00000000000]
p_status_load          (load             ) [ 00000000000]
tmp_11                 (zext             ) [ 00000000000]
StgValue_59            (write            ) [ 00000000000]
header_cb_load_3       (load             ) [ 00000000000]
tmp_12                 (bitconcatenate   ) [ 00000000000]
words32_8              (or               ) [ 00000000000]
StgValue_63            (write            ) [ 00000000000]
StgValue_64            (write            ) [ 00000000000]
StgValue_65            (br               ) [ 00000000000]
tmp_14                 (nbreadreq        ) [ 00000000100]
StgValue_67            (br               ) [ 00000000000]
tmp_15                 (read             ) [ 00000000000]
StgValue_69            (write            ) [ 00000000000]
StgValue_70            (br               ) [ 00000000000]
StgValue_71            (br               ) [ 00000000000]
StgValue_72            (br               ) [ 00000000000]
StgValue_73            (br               ) [ 00000000000]
StgValue_74            (ret              ) [ 00000000000]
it_0_i_i               (phi              ) [ 00000000010]
tmp_5                  (icmp             ) [ 00000000010]
empty_23               (speclooptripcount) [ 00000000000]
it                     (add              ) [ 00010000010]
StgValue_79            (br               ) [ 00000000000]
tmp_9                  (read             ) [ 00000000000]
tmp_10                 (zext             ) [ 00000000000]
words32_addr_2         (getelementptr    ) [ 00000000000]
StgValue_83            (store            ) [ 00000000000]
StgValue_84            (br               ) [ 00010000010]
words32_addr           (getelementptr    ) [ 00000000001]
words32_addr_1         (getelementptr    ) [ 00000000001]
StgValue_89            (store            ) [ 00000000000]
aux                    (load             ) [ 00000000000]
words32_load_1         (load             ) [ 00000000000]
aux_3                  (partselect       ) [ 00000000000]
StgValue_93            (write            ) [ 00000000000]
StgValue_94            (br               ) [ 00000000000]
</LifeTime>

<model>

<comp_list>
<comp id="0" class="1000" name="din_V">
<pin_list>
<pin id="1" dir="1" index="0" bw="1" slack="0"/>
</pin_list>
<bind>
<StgValue><ssdm name="din_V"/></StgValue>
</bind>
</comp>

<comp id="2" class="1000" name="dout_V">
<pin_list>
<pin id="3" dir="1" index="0" bw="1" slack="0"/>
</pin_list>
<bind>
<StgValue><ssdm name="dout_V"/></StgValue>
</bind>
</comp>

<comp id="4" class="1000" name="prDone_V">
<pin_list>
<pin id="5" dir="1" index="0" bw="1" slack="0"/>
</pin_list>
<bind>
<StgValue><ssdm name="prDone_V"/></StgValue>
</bind>
</comp>

<comp id="6" class="1000" name="pr_V_addr">
<pin_list>
<pin id="7" dir="1" index="0" bw="1" slack="0"/>
</pin_list>
<bind>
<StgValue><ssdm name="pr_V_addr"/></StgValue>
</bind>
</comp>

<comp id="8" class="1000" name="pr_V_areaID">
<pin_list>
<pin id="9" dir="1" index="0" bw="1" slack="0"/>
</pin_list>
<bind>
<StgValue><ssdm name="pr_V_areaID"/></StgValue>
</bind>
</comp>

<comp id="10" class="1000" name="header_objectID">
<pin_list>
<pin id="11" dir="1" index="0" bw="1" slack="0"/>
</pin_list>
<bind>
<StgValue><ssdm name="header_objectID"/></StgValue>
</bind>
</comp>

<comp id="12" class="1000" name="header_methodID">
<pin_list>
<pin id="13" dir="1" index="0" bw="1" slack="0"/>
</pin_list>
<bind>
<StgValue><ssdm name="header_methodID"/></StgValue>
</bind>
</comp>

<comp id="14" class="1000" name="header_cb">
<pin_list>
<pin id="15" dir="1" index="0" bw="1" slack="0"/>
</pin_list>
<bind>
<StgValue><ssdm name="header_cb"/></StgValue>
</bind>
</comp>

<comp id="16" class="1000" name="header_size">
<pin_list>
<pin id="17" dir="1" index="0" bw="1" slack="0"/>
</pin_list>
<bind>
<StgValue><ssdm name="header_size"/></StgValue>
</bind>
</comp>

<comp id="18" class="1000" name="p_status">
<pin_list>
<pin id="19" dir="1" index="0" bw="1" slack="0"/>
</pin_list>
<bind>
<StgValue><ssdm name="p_status"/></StgValue>
</bind>
</comp>

<comp id="20" class="1000" name="bufferRESP_V">
<pin_list>
<pin id="21" dir="1" index="0" bw="1" slack="0"/>
</pin_list>
<bind>
<StgValue><ssdm name="bufferRESP_V"/></StgValue>
</bind>
</comp>

<comp id="22" class="1001" name="const_22">
<pin_list>
<pin id="23" dir="1" index="0" bw="1" slack="0"/>
</pin_list>
<bind>
<StgValue><ssdm name=""/></StgValue>
</bind>
</comp>

<comp id="24" class="1001" name="const_24">
<pin_list>
<pin id="25" dir="1" index="0" bw="1" slack="0"/>
</pin_list>
<bind>
<StgValue><ssdm name="getRequestHead"/></StgValue>
</bind>
</comp>

<comp id="26" class="1001" name="const_26">
<pin_list>
<pin id="27" dir="1" index="0" bw="1" slack="2147483647"/>
</pin_list>
<bind>
<StgValue><ssdm name="_ssdm_op_SpecInterface"/></StgValue>
</bind>
</comp>

<comp id="28" class="1001" name="const_28">
<pin_list>
<pin id="29" dir="1" index="0" bw="1" slack="2147483647"/>
</pin_list>
<bind>
<StgValue><ssdm name="p_str2"/></StgValue>
</bind>
</comp>

<comp id="30" class="1001" name="const_30">
<pin_list>
<pin id="31" dir="1" index="0" bw="1" slack="2147483647"/>
</pin_list>
<bind>
<StgValue><ssdm name=""/></StgValue>
</bind>
</comp>

<comp id="32" class="1001" name="const_32">
<pin_list>
<pin id="33" dir="1" index="0" bw="1" slack="2147483647"/>
</pin_list>
<bind>
<StgValue><ssdm name="p_str"/></StgValue>
</bind>
</comp>

<comp id="34" class="1001" name="const_34">
<pin_list>
<pin id="35" dir="1" index="0" bw="1" slack="2147483647"/>
</pin_list>
<bind>
<StgValue><ssdm name="ap_fifo_str"/></StgValue>
</bind>
</comp>

<comp id="36" class="1001" name="const_36">
<pin_list>
<pin id="37" dir="1" index="0" bw="1" slack="2147483647"/>
</pin_list>
<bind>
<StgValue><ssdm name=""/></StgValue>
</bind>
</comp>

<comp id="38" class="1001" name="const_38">
<pin_list>
<pin id="39" dir="1" index="0" bw="1" slack="0"/>
</pin_list>
<bind>
<StgValue><ssdm name=""/></StgValue>
</bind>
</comp>

<comp id="40" class="1001" name="const_40">
<pin_list>
<pin id="41" dir="1" index="0" bw="1" slack="0"/>
</pin_list>
<bind>
<StgValue><ssdm name=""/></StgValue>
</bind>
</comp>

<comp id="42" class="1001" name="const_42">
<pin_list>
<pin id="43" dir="1" index="0" bw="1" slack="2147483647"/>
</pin_list>
<bind>
<StgValue><ssdm name="_ssdm_op_SpecChannel"/></StgValue>
</bind>
</comp>

<comp id="44" class="1001" name="const_44">
<pin_list>
<pin id="45" dir="1" index="0" bw="1" slack="2147483647"/>
</pin_list>
<bind>
<StgValue><ssdm name="bufferRESP_OC_V_str"/></StgValue>
</bind>
</comp>

<comp id="46" class="1001" name="const_46">
<pin_list>
<pin id="47" dir="1" index="0" bw="1" slack="0"/>
</pin_list>
<bind>
<StgValue><ssdm name=""/></StgValue>
</bind>
</comp>

<comp id="48" class="1001" name="const_48">
<pin_list>
<pin id="49" dir="1" index="0" bw="1" slack="0"/>
</pin_list>
<bind>
<StgValue><ssdm name="forward"/></StgValue>
</bind>
</comp>

<comp id="50" class="1001" name="const_50">
<pin_list>
<pin id="51" dir="1" index="0" bw="1" slack="0"/>
</pin_list>
<bind>
<StgValue><ssdm name=""/></StgValue>
</bind>
</comp>

<comp id="52" class="1001" name="const_52">
<pin_list>
<pin id="53" dir="1" index="0" bw="1" slack="0"/>
</pin_list>
<bind>
<StgValue><ssdm name="_ssdm_op_NbRead.ap_fifo.volatile.i1P"/></StgValue>
</bind>
</comp>

<comp id="54" class="1001" name="const_54">
<pin_list>
<pin id="55" dir="1" index="0" bw="1" slack="0"/>
</pin_list>
<bind>
<StgValue><ssdm name=""/></StgValue>
</bind>
</comp>

<comp id="56" class="1001" name="const_56">
<pin_list>
<pin id="57" dir="1" index="0" bw="1" slack="0"/>
</pin_list>
<bind>
<StgValue><ssdm name="_ssdm_op_BitConcatenate.i32.i16.i16"/></StgValue>
</bind>
</comp>

<comp id="58" class="1001" name="const_58">
<pin_list>
<pin id="59" dir="1" index="0" bw="1" slack="0"/>
</pin_list>
<bind>
<StgValue><ssdm name=""/></StgValue>
</bind>
</comp>

<comp id="60" class="1001" name="const_60">
<pin_list>
<pin id="61" dir="1" index="0" bw="1" slack="0"/>
</pin_list>
<bind>
<StgValue><ssdm name=""/></StgValue>
</bind>
</comp>

<comp id="62" class="1001" name="const_62">
<pin_list>
<pin id="63" dir="1" index="0" bw="1" slack="0"/>
</pin_list>
<bind>
<StgValue><ssdm name="_ssdm_op_Write.ap_fifo.volatile.i32P"/></StgValue>
</bind>
</comp>

<comp id="64" class="1001" name="const_64">
<pin_list>
<pin id="65" dir="1" index="0" bw="1" slack="0"/>
</pin_list>
<bind>
<StgValue><ssdm name="_ssdm_op_BitConcatenate.i32.i16.i8.i8"/></StgValue>
</bind>
</comp>

<comp id="66" class="1001" name="const_66">
<pin_list>
<pin id="67" dir="1" index="0" bw="1" slack="0"/>
</pin_list>
<bind>
<StgValue><ssdm name=""/></StgValue>
</bind>
</comp>

<comp id="68" class="1001" name="const_68">
<pin_list>
<pin id="69" dir="1" index="0" bw="1" slack="0"/>
</pin_list>
<bind>
<StgValue><ssdm name=""/></StgValue>
</bind>
</comp>

<comp id="70" class="1001" name="const_70">
<pin_list>
<pin id="71" dir="1" index="0" bw="1" slack="0"/>
</pin_list>
<bind>
<StgValue><ssdm name=""/></StgValue>
</bind>
</comp>

<comp id="72" class="1001" name="const_72">
<pin_list>
<pin id="73" dir="1" index="0" bw="1" slack="0"/>
</pin_list>
<bind>
<StgValue><ssdm name=""/></StgValue>
</bind>
</comp>

<comp id="74" class="1001" name="const_74">
<pin_list>
<pin id="75" dir="1" index="0" bw="1" slack="0"/>
</pin_list>
<bind>
<StgValue><ssdm name="_ssdm_op_NbReadReq.ap_fifo.i32P"/></StgValue>
</bind>
</comp>

<comp id="76" class="1001" name="const_76">
<pin_list>
<pin id="77" dir="1" index="0" bw="1" slack="0"/>
</pin_list>
<bind>
<StgValue><ssdm name="_ssdm_op_Read.ap_fifo.volatile.i32P"/></StgValue>
</bind>
</comp>

<comp id="78" class="1001" name="const_78">
<pin_list>
<pin id="79" dir="1" index="0" bw="1" slack="1"/>
</pin_list>
<bind>
<StgValue><ssdm name=""/></StgValue>
</bind>
</comp>

<comp id="80" class="1001" name="const_80">
<pin_list>
<pin id="81" dir="1" index="0" bw="1" slack="0"/>
</pin_list>
<bind>
<StgValue><ssdm name=""/></StgValue>
</bind>
</comp>

<comp id="82" class="1001" name="const_82">
<pin_list>
<pin id="83" dir="1" index="0" bw="1" slack="2147483647"/>
</pin_list>
<bind>
<StgValue><ssdm name="_ssdm_op_SpecLoopTripCount"/></StgValue>
</bind>
</comp>

<comp id="84" class="1001" name="const_84">
<pin_list>
<pin id="85" dir="1" index="0" bw="1" slack="2147483647"/>
</pin_list>
<bind>
<StgValue><ssdm name=""/></StgValue>
</bind>
</comp>

<comp id="86" class="1001" name="const_86">
<pin_list>
<pin id="87" dir="1" index="0" bw="1" slack="0"/>
</pin_list>
<bind>
<StgValue><ssdm name=""/></StgValue>
</bind>
</comp>

<comp id="88" class="1001" name="const_88">
<pin_list>
<pin id="89" dir="1" index="0" bw="1" slack="0"/>
</pin_list>
<bind>
<StgValue><ssdm name=""/></StgValue>
</bind>
</comp>

<comp id="90" class="1001" name="const_90">
<pin_list>
<pin id="91" dir="1" index="0" bw="1" slack="0"/>
</pin_list>
<bind>
<StgValue><ssdm name=""/></StgValue>
</bind>
</comp>

<comp id="92" class="1001" name="const_92">
<pin_list>
<pin id="93" dir="1" index="0" bw="1" slack="0"/>
</pin_list>
<bind>
<StgValue><ssdm name="_ssdm_op_PartSelect.i16.i32.i32.i32"/></StgValue>
</bind>
</comp>

<comp id="94" class="1001" name="const_94">
<pin_list>
<pin id="95" dir="1" index="0" bw="1" slack="0"/>
</pin_list>
<bind>
<StgValue><ssdm name=""/></StgValue>
</bind>
</comp>

<comp id="96" class="1001" name="const_96">
<pin_list>
<pin id="97" dir="1" index="0" bw="1" slack="0"/>
</pin_list>
<bind>
<StgValue><ssdm name="_ssdm_op_Write.ap_fifo.volatile.i32P.i16P"/></StgValue>
</bind>
</comp>

<comp id="98" class="1004" name="words32_alloca_fu_98">
<pin_list>
<pin id="99" dir="0" index="0" bw="1" slack="0"/>
<pin id="100" dir="1" index="1" bw="32" slack="2147483647"/>
</pin_list>
<bind>
<opcode="alloca(26) " fcode="alloca"/>
<opset="words32/1 "/>
</bind>
</comp>

<comp id="102" class="1004" name="prDone_V_read_nbread_fu_102">
<pin_list>
<pin id="103" dir="0" index="0" bw="2" slack="0"/>
<pin id="104" dir="0" index="1" bw="1" slack="0"/>
<pin id="105" dir="1" index="2" bw="2" slack="0"/>
</pin_list>
<bind>
<opcode="nbread(1152) " fcode="nbread"/>
<opset="prDone_V_read/3 "/>
</bind>
</comp>

<comp id="108" class="1004" name="grp_write_fu_108">
<pin_list>
<pin id="109" dir="0" index="0" bw="0" slack="0"/>
<pin id="110" dir="0" index="1" bw="32" slack="0"/>
<pin id="111" dir="0" index="2" bw="32" slack="0"/>
<pin id="112" dir="1" index="3" bw="0" slack="2147483647"/>
</pin_list>
<bind>
<opcode="write(1151) " fcode="write"/>
<opset="StgValue_41/3 StgValue_48/4 StgValue_55/5 StgValue_63/6 StgValue_64/7 StgValue_69/8 "/>
</bind>
</comp>

<comp id="115" class="1004" name="StgValue_59_write_fu_115">
<pin_list>
<pin id="116" dir="0" index="0" bw="0" slack="0"/>
<pin id="117" dir="0" index="1" bw="32" slack="0"/>
<pin id="118" dir="0" index="2" bw="4" slack="0"/>
<pin id="119" dir="1" index="3" bw="0" slack="2147483647"/>
</pin_list>
<bind>
<opcode="write(1151) " fcode="write"/>
<opset="StgValue_59/6 "/>
</bind>
</comp>

<comp id="123" class="1004" name="tmp_14_nbreadreq_fu_123">
<pin_list>
<pin id="124" dir="0" index="0" bw="1" slack="0"/>
<pin id="125" dir="0" index="1" bw="32" slack="0"/>
<pin id="126" dir="0" index="2" bw="1" slack="0"/>
<pin id="127" dir="1" index="3" bw="1" slack="2147483647"/>
</pin_list>
<bind>
<opcode="nbreadreq(1156) " fcode="nbreadreq"/>
<opset="tmp_14/8 "/>
</bind>
</comp>

<comp id="131" class="1004" name="tmp_15_read_fu_131">
<pin_list>
<pin id="132" dir="0" index="0" bw="32" slack="0"/>
<pin id="133" dir="0" index="1" bw="32" slack="0"/>
<pin id="134" dir="1" index="2" bw="32" slack="0"/>
</pin_list>
<bind>
<opcode="read(1150) " fcode="read"/>
<opset="tmp_15/8 "/>
</bind>
</comp>

<comp id="138" class="1004" name="tmp_9_read_fu_138">
<pin_list>
<pin id="139" dir="0" index="0" bw="32" slack="0"/>
<pin id="140" dir="0" index="1" bw="32" slack="0"/>
<pin id="141" dir="1" index="2" bw="32" slack="0"/>
</pin_list>
<bind>
<opcode="read(1150) " fcode="read"/>
<opset="tmp_9/9 "/>
</bind>
</comp>

<comp id="144" class="1004" name="StgValue_93_write_fu_144">
<pin_list>
<pin id="145" dir="0" index="0" bw="0" slack="0"/>
<pin id="146" dir="0" index="1" bw="32" slack="0"/>
<pin id="147" dir="0" index="2" bw="16" slack="0"/>
<pin id="148" dir="0" index="3" bw="32" slack="0"/>
<pin id="149" dir="0" index="4" bw="16" slack="0"/>
<pin id="150" dir="1" index="5" bw="0" slack="2147483647"/>
</pin_list>
<bind>
<opcode="write(1151) " fcode="write"/>
<opset="StgValue_93/10 "/>
</bind>
</comp>

<comp id="154" class="1004" name="words32_addr_2_gep_fu_154">
<pin_list>
<pin id="155" dir="0" index="0" bw="32" slack="2147483647"/>
<pin id="156" dir="0" index="1" bw="1" slack="0"/>
<pin id="157" dir="0" index="2" bw="2" slack="0"/>
<pin id="158" dir="1" index="3" bw="1" slack="0"/>
</pin_list>
<bind>
<opcode="getelementptr(29) " fcode="getelementptr"/>
<opset="words32_addr_2/9 "/>
</bind>
</comp>

<comp id="160" class="1004" name="grp_access_fu_160">
<pin_list>
<pin id="161" dir="0" index="0" bw="1" slack="0"/>
<pin id="162" dir="0" index="1" bw="32" slack="0"/>
<pin id="182" dir="0" index="3" bw="1" slack="0"/>
<pin id="183" dir="0" index="4" bw="32" slack="2147483647"/>
<pin id="163" dir="1" index="2" bw="32" slack="0"/>
<pin id="184" dir="1" index="5" bw="32" slack="0"/>
</pin_list>
<bind>
<opcode="load(27) store(28) " fcode="load"/>
<opset="StgValue_83/9 aux/9 words32_load_1/9 "/>
</bind>
</comp>

<comp id="166" class="1004" name="words32_addr_gep_fu_166">
<pin_list>
<pin id="167" dir="0" index="0" bw="32" slack="2147483647"/>
<pin id="168" dir="0" index="1" bw="1" slack="0"/>
<pin id="169" dir="0" index="2" bw="1" slack="0"/>
<pin id="170" dir="1" index="3" bw="1" slack="0"/>
</pin_list>
<bind>
<opcode="getelementptr(29) " fcode="getelementptr"/>
<opset="words32_addr/9 "/>
</bind>
</comp>

<comp id="175" class="1004" name="words32_addr_1_gep_fu_175">
<pin_list>
<pin id="176" dir="0" index="0" bw="32" slack="2147483647"/>
<pin id="177" dir="0" index="1" bw="1" slack="0"/>
<pin id="178" dir="0" index="2" bw="1" slack="0"/>
<pin id="179" dir="1" index="3" bw="1" slack="0"/>
</pin_list>
<bind>
<opcode="getelementptr(29) " fcode="getelementptr"/>
<opset="words32_addr_1/9 "/>
</bind>
</comp>

<comp id="186" class="1005" name="it_0_i_i_reg_186">
<pin_list>
<pin id="187" dir="0" index="0" bw="2" slack="1"/>
<pin id="188" dir="1" index="1" bw="2" slack="1"/>
</pin_list>
<bind>
<opset="it_0_i_i (phireg) "/>
</bind>
</comp>

<comp id="190" class="1004" name="it_0_i_i_phi_fu_190">
<pin_list>
<pin id="191" dir="0" index="0" bw="1" slack="1"/>
<pin id="192" dir="0" index="1" bw="0" slack="2147483647"/>
<pin id="193" dir="0" index="2" bw="2" slack="0"/>
<pin id="194" dir="0" index="3" bw="0" slack="2147483647"/>
<pin id="195" dir="1" index="4" bw="2" slack="0"/>
</pin_list>
<bind>
<opcode="phi(47) " fcode="phi"/>
<opset="it_0_i_i/9 "/>
</bind>
</comp>

<comp id="197" class="1004" name="grp_forward_fu_197">
<pin_list>
<pin id="198" dir="0" index="0" bw="0" slack="0"/>
<pin id="199" dir="0" index="1" bw="32" slack="0"/>
<pin id="200" dir="0" index="2" bw="16" slack="0"/>
<pin id="201" dir="1" index="3" bw="0" slack="2147483647"/>
</pin_list>
<bind>
<opcode="call(48) " fcode="call"/>
<opset="StgValue_25/3 StgValue_32/3 "/>
</bind>
</comp>

<comp id="204" class="1004" name="grp_getRequestHead_fu_204">
<pin_list>
<pin id="205" dir="0" index="0" bw="0" slack="0"/>
<pin id="206" dir="0" index="1" bw="32" slack="0"/>
<pin id="207" dir="0" index="2" bw="8" slack="0"/>
<pin id="208" dir="0" index="3" bw="8" slack="0"/>
<pin id="209" dir="0" index="4" bw="16" slack="0"/>
<pin id="210" dir="0" index="5" bw="16" slack="0"/>
<pin id="211" dir="1" index="6" bw="0" slack="2147483647"/>
</pin_list>
<bind>
<opcode="call(48) " fcode="call"/>
<opset="StgValue_12/1 "/>
</bind>
</comp>

<comp id="218" class="1004" name="grp_load_fu_218">
<pin_list>
<pin id="219" dir="0" index="0" bw="16" slack="0"/>
<pin id="220" dir="1" index="1" bw="16" slack="0"/>
</pin_list>
<bind>
<opcode="load(27) " fcode="load"/>
<opset="header_size_load/3 header_size_load_1/3 "/>
</bind>
</comp>

<comp id="223" class="1004" name="grp_load_fu_223">
<pin_list>
<pin id="224" dir="0" index="0" bw="8" slack="0"/>
<pin id="225" dir="1" index="1" bw="8" slack="0"/>
</pin_list>
<bind>
<opcode="load(27) " fcode="load"/>
<opset="header_methodID_load/3 header_methodID_load_1/4 header_methodID_load_2/5 "/>
</bind>
</comp>

<comp id="227" class="1004" name="grp_load_fu_227">
<pin_list>
<pin id="228" dir="0" index="0" bw="16" slack="0"/>
<pin id="229" dir="1" index="1" bw="16" slack="0"/>
</pin_list>
<bind>
<opcode="load(27) " fcode="load"/>
<opset="header_cb_load_1/3 header_cb_load/4 header_cb_load_2/5 header_cb_load_3/6 "/>
</bind>
</comp>

<comp id="231" class="1005" name="reg_231">
<pin_list>
<pin id="232" dir="0" index="0" bw="16" slack="1"/>
<pin id="233" dir="1" index="1" bw="16" slack="1"/>
</pin_list>
<bind>
<opset="header_size_load header_size_load_1 "/>
</bind>
</comp>

<comp id="236" class="1004" name="header_objectID_load_load_fu_236">
<pin_list>
<pin id="237" dir="0" index="0" bw="8" slack="0"/>
<pin id="238" dir="1" index="1" bw="8" slack="0"/>
</pin_list>
<bind>
<opcode="load(27) " fcode="load"/>
<opset="header_objectID_load/3 "/>
</bind>
</comp>

<comp id="240" class="1004" name="tmp_fu_240">
<pin_list>
<pin id="241" dir="0" index="0" bw="8" slack="0"/>
<pin id="242" dir="0" index="1" bw="3" slack="0"/>
<pin id="243" dir="1" index="2" bw="1" slack="3"/>
</pin_list>
<bind>
<opcode="icmp(45) " fcode="icmp"/>
<opset="tmp/3 "/>
</bind>
</comp>

<comp id="246" class="1004" name="tmp_1_fu_246">
<pin_list>
<pin id="247" dir="0" index="0" bw="8" slack="0"/>
<pin id="248" dir="0" index="1" bw="1" slack="0"/>
<pin id="249" dir="1" index="2" bw="1" slack="3"/>
</pin_list>
<bind>
<opcode="icmp(45) " fcode="icmp"/>
<opset="tmp_1/3 "/>
</bind>
</comp>

<comp id="252" class="1004" name="tmp_4_fu_252">
<pin_list>
<pin id="253" dir="0" index="0" bw="8" slack="0"/>
<pin id="254" dir="0" index="1" bw="3" slack="0"/>
<pin id="255" dir="1" index="2" bw="1" slack="3"/>
</pin_list>
<bind>
<opcode="icmp(45) " fcode="icmp"/>
<opset="tmp_4/3 "/>
</bind>
</comp>

<comp id="258" class="1004" name="tmp_16_fu_258">
<pin_list>
<pin id="259" dir="0" index="0" bw="2" slack="0"/>
<pin id="260" dir="1" index="1" bw="1" slack="2147483647"/>
</pin_list>
<bind>
<opcode="extractvalue(56) " fcode="extractvalue"/>
<opset="tmp_16/3 "/>
</bind>
</comp>

<comp id="262" class="1004" name="StgValue_36_store_fu_262">
<pin_list>
<pin id="263" dir="0" index="0" bw="1" slack="0"/>
<pin id="264" dir="0" index="1" bw="4" slack="0"/>
<pin id="265" dir="1" index="2" bw="0" slack="2147483647"/>
</pin_list>
<bind>
<opcode="store(28) " fcode="store"/>
<opset="StgValue_36/3 "/>
</bind>
</comp>

<comp id="268" class="1004" name="tmp_s_fu_268">
<pin_list>
<pin id="269" dir="0" index="0" bw="32" slack="0"/>
<pin id="270" dir="0" index="1" bw="16" slack="0"/>
<pin id="271" dir="0" index="2" bw="1" slack="0"/>
<pin id="272" dir="1" index="3" bw="32" slack="0"/>
</pin_list>
<bind>
<opcode="bitconcatenate(1004) " fcode="bitconcatenate"/>
<opset="tmp_s/3 "/>
</bind>
</comp>

<comp id="276" class="1004" name="words32_6_fu_276">
<pin_list>
<pin id="277" dir="0" index="0" bw="32" slack="0"/>
<pin id="278" dir="0" index="1" bw="10" slack="0"/>
<pin id="279" dir="1" index="2" bw="32" slack="0"/>
</pin_list>
<bind>
<opcode="or(24) " fcode="or"/>
<opset="words32_6/3 "/>
</bind>
</comp>

<comp id="283" class="1004" name="tmp_6_fu_283">
<pin_list>
<pin id="284" dir="0" index="0" bw="32" slack="0"/>
<pin id="285" dir="0" index="1" bw="16" slack="0"/>
<pin id="286" dir="0" index="2" bw="8" slack="0"/>
<pin id="287" dir="0" index="3" bw="1" slack="0"/>
<pin id="288" dir="1" index="4" bw="32" slack="0"/>
</pin_list>
<bind>
<opcode="bitconcatenate(1004) " fcode="bitconcatenate"/>
<opset="tmp_6/4 "/>
</bind>
</comp>

<comp id="293" class="1004" name="words32_5_fu_293">
<pin_list>
<pin id="294" dir="0" index="0" bw="32" slack="0"/>
<pin id="295" dir="0" index="1" bw="3" slack="0"/>
<pin id="296" dir="1" index="2" bw="32" slack="0"/>
</pin_list>
<bind>
<opcode="or(24) " fcode="or"/>
<opset="words32_5/4 "/>
</bind>
</comp>

<comp id="300" class="1004" name="tmp_7_fu_300">
<pin_list>
<pin id="301" dir="0" index="0" bw="32" slack="0"/>
<pin id="302" dir="0" index="1" bw="16" slack="0"/>
<pin id="303" dir="0" index="2" bw="8" slack="0"/>
<pin id="304" dir="0" index="3" bw="1" slack="0"/>
<pin id="305" dir="1" index="4" bw="32" slack="0"/>
</pin_list>
<bind>
<opcode="bitconcatenate(1004) " fcode="bitconcatenate"/>
<opset="tmp_7/5 "/>
</bind>
</comp>

<comp id="310" class="1004" name="words32_7_fu_310">
<pin_list>
<pin id="311" dir="0" index="0" bw="32" slack="0"/>
<pin id="312" dir="0" index="1" bw="3" slack="0"/>
<pin id="313" dir="1" index="2" bw="32" slack="0"/>
</pin_list>
<bind>
<opcode="or(24) " fcode="or"/>
<opset="words32_7/5 "/>
</bind>
</comp>

<comp id="317" class="1004" name="p_status_load_load_fu_317">
<pin_list>
<pin id="318" dir="0" index="0" bw="4" slack="0"/>
<pin id="319" dir="1" index="1" bw="4" slack="0"/>
</pin_list>
<bind>
<opcode="load(27) " fcode="load"/>
<opset="p_status_load/6 "/>
</bind>
</comp>

<comp id="321" class="1004" name="tmp_11_fu_321">
<pin_list>
<pin id="322" dir="0" index="0" bw="4" slack="0"/>
<pin id="323" dir="1" index="1" bw="32" slack="0"/>
</pin_list>
<bind>
<opcode="zext(34) " fcode="zext"/>
<opset="tmp_11/6 "/>
</bind>
</comp>

<comp id="326" class="1004" name="tmp_12_fu_326">
<pin_list>
<pin id="327" dir="0" index="0" bw="32" slack="0"/>
<pin id="328" dir="0" index="1" bw="16" slack="0"/>
<pin id="329" dir="0" index="2" bw="1" slack="0"/>
<pin id="330" dir="1" index="3" bw="32" slack="0"/>
</pin_list>
<bind>
<opcode="bitconcatenate(1004) " fcode="bitconcatenate"/>
<opset="tmp_12/6 "/>
</bind>
</comp>

<comp id="334" class="1004" name="words32_8_fu_334">
<pin_list>
<pin id="335" dir="0" index="0" bw="32" slack="0"/>
<pin id="336" dir="0" index="1" bw="11" slack="0"/>
<pin id="337" dir="1" index="2" bw="32" slack="0"/>
</pin_list>
<bind>
<opcode="or(24) " fcode="or"/>
<opset="words32_8/6 "/>
</bind>
</comp>

<comp id="341" class="1004" name="tmp_5_fu_341">
<pin_list>
<pin id="342" dir="0" index="0" bw="2" slack="0"/>
<pin id="343" dir="0" index="1" bw="2" slack="0"/>
<pin id="344" dir="1" index="2" bw="1" slack="2147483647"/>
</pin_list>
<bind>
<opcode="icmp(45) " fcode="icmp"/>
<opset="tmp_5/9 "/>
</bind>
</comp>

<comp id="347" class="1004" name="it_fu_347">
<pin_list>
<pin id="348" dir="0" index="0" bw="2" slack="0"/>
<pin id="349" dir="0" index="1" bw="1" slack="0"/>
<pin id="350" dir="1" index="2" bw="2" slack="0"/>
</pin_list>
<bind>
<opcode="add(8) " fcode="add"/>
<opset="it/9 "/>
</bind>
</comp>

<comp id="353" class="1004" name="tmp_10_fu_353">
<pin_list>
<pin id="354" dir="0" index="0" bw="2" slack="0"/>
<pin id="355" dir="1" index="1" bw="64" slack="0"/>
</pin_list>
<bind>
<opcode="zext(34) " fcode="zext"/>
<opset="tmp_10/9 "/>
</bind>
</comp>

<comp id="358" class="1004" name="StgValue_89_store_fu_358">
<pin_list>
<pin id="359" dir="0" index="0" bw="3" slack="0"/>
<pin id="360" dir="0" index="1" bw="4" slack="0"/>
<pin id="361" dir="1" index="2" bw="0" slack="2147483647"/>
</pin_list>
<bind>
<opcode="store(28) " fcode="store"/>
<opset="StgValue_89/9 "/>
</bind>
</comp>

<comp id="364" class="1004" name="aux_3_fu_364">
<pin_list>
<pin id="365" dir="0" index="0" bw="16" slack="0"/>
<pin id="366" dir="0" index="1" bw="32" slack="0"/>
<pin id="367" dir="0" index="2" bw="6" slack="0"/>
<pin id="368" dir="0" index="3" bw="6" slack="0"/>
<pin id="369" dir="1" index="4" bw="16" slack="0"/>
</pin_list>
<bind>
<opcode="partselect(1002) " fcode="partselect"/>
<opset="aux_3/10 "/>
</bind>
</comp>

<comp id="375" class="1005" name="tmp_reg_375">
<pin_list>
<pin id="376" dir="0" index="0" bw="1" slack="3"/>
<pin id="377" dir="1" index="1" bw="1" slack="2147483647"/>
</pin_list>
<bind>
<opset="tmp "/>
</bind>
</comp>

<comp id="379" class="1005" name="tmp_1_reg_379">
<pin_list>
<pin id="380" dir="0" index="0" bw="1" slack="3"/>
<pin id="381" dir="1" index="1" bw="1" slack="2147483647"/>
</pin_list>
<bind>
<opset="tmp_1 "/>
</bind>
</comp>

<comp id="383" class="1005" name="tmp_4_reg_383">
<pin_list>
<pin id="384" dir="0" index="0" bw="1" slack="3"/>
<pin id="385" dir="1" index="1" bw="1" slack="2147483647"/>
</pin_list>
<bind>
<opset="tmp_4 "/>
</bind>
</comp>

<comp id="396" class="1005" name="it_reg_396">
<pin_list>
<pin id="397" dir="0" index="0" bw="2" slack="0"/>
<pin id="398" dir="1" index="1" bw="2" slack="0"/>
</pin_list>
<bind>
<opset="it "/>
</bind>
</comp>

<comp id="401" class="1005" name="words32_addr_reg_401">
<pin_list>
<pin id="402" dir="0" index="0" bw="1" slack="1"/>
<pin id="403" dir="1" index="1" bw="1" slack="1"/>
</pin_list>
<bind>
<opset="words32_addr "/>
</bind>
</comp>

<comp id="406" class="1005" name="words32_addr_1_reg_406">
<pin_list>
<pin id="407" dir="0" index="0" bw="1" slack="1"/>
<pin id="408" dir="1" index="1" bw="1" slack="1"/>
</pin_list>
<bind>
<opset="words32_addr_1 "/>
</bind>
</comp>

</comp_list>

<net_list>
<net id="101"><net_src comp="22" pin="0"/><net_sink comp="98" pin=0"/></net>

<net id="106"><net_src comp="52" pin="0"/><net_sink comp="102" pin=0"/></net>

<net id="107"><net_src comp="4" pin="0"/><net_sink comp="102" pin=1"/></net>

<net id="113"><net_src comp="62" pin="0"/><net_sink comp="108" pin=0"/></net>

<net id="114"><net_src comp="2" pin="0"/><net_sink comp="108" pin=1"/></net>

<net id="120"><net_src comp="62" pin="0"/><net_sink comp="115" pin=0"/></net>

<net id="121"><net_src comp="20" pin="0"/><net_sink comp="115" pin=1"/></net>

<net id="122"><net_src comp="72" pin="0"/><net_sink comp="108" pin=2"/></net>

<net id="128"><net_src comp="74" pin="0"/><net_sink comp="123" pin=0"/></net>

<net id="129"><net_src comp="20" pin="0"/><net_sink comp="123" pin=1"/></net>

<net id="130"><net_src comp="46" pin="0"/><net_sink comp="123" pin=2"/></net>

<net id="135"><net_src comp="76" pin="0"/><net_sink comp="131" pin=0"/></net>

<net id="136"><net_src comp="20" pin="0"/><net_sink comp="131" pin=1"/></net>

<net id="137"><net_src comp="131" pin="2"/><net_sink comp="108" pin=2"/></net>

<net id="142"><net_src comp="76" pin="0"/><net_sink comp="138" pin=0"/></net>

<net id="143"><net_src comp="0" pin="0"/><net_sink comp="138" pin=1"/></net>

<net id="151"><net_src comp="96" pin="0"/><net_sink comp="144" pin=0"/></net>

<net id="152"><net_src comp="6" pin="0"/><net_sink comp="144" pin=1"/></net>

<net id="153"><net_src comp="8" pin="0"/><net_sink comp="144" pin=2"/></net>

<net id="159"><net_src comp="88" pin="0"/><net_sink comp="154" pin=1"/></net>

<net id="164"><net_src comp="138" pin="2"/><net_sink comp="160" pin=1"/></net>

<net id="165"><net_src comp="154" pin="3"/><net_sink comp="160" pin=0"/></net>

<net id="171"><net_src comp="88" pin="0"/><net_sink comp="166" pin=1"/></net>

<net id="172"><net_src comp="88" pin="0"/><net_sink comp="166" pin=2"/></net>

<net id="173"><net_src comp="160" pin="2"/><net_sink comp="144" pin=3"/></net>

<net id="174"><net_src comp="166" pin="3"/><net_sink comp="160" pin=0"/></net>

<net id="180"><net_src comp="88" pin="0"/><net_sink comp="175" pin=1"/></net>

<net id="181"><net_src comp="22" pin="0"/><net_sink comp="175" pin=2"/></net>

<net id="185"><net_src comp="175" pin="3"/><net_sink comp="160" pin=3"/></net>

<net id="189"><net_src comp="78" pin="0"/><net_sink comp="186" pin=0"/></net>

<net id="196"><net_src comp="186" pin="1"/><net_sink comp="190" pin=0"/></net>

<net id="202"><net_src comp="48" pin="0"/><net_sink comp="197" pin=0"/></net>

<net id="203"><net_src comp="0" pin="0"/><net_sink comp="197" pin=1"/></net>

<net id="212"><net_src comp="24" pin="0"/><net_sink comp="204" pin=0"/></net>

<net id="213"><net_src comp="0" pin="0"/><net_sink comp="204" pin=1"/></net>

<net id="214"><net_src comp="10" pin="0"/><net_sink comp="204" pin=2"/></net>

<net id="215"><net_src comp="12" pin="0"/><net_sink comp="204" pin=3"/></net>

<net id="216"><net_src comp="14" pin="0"/><net_sink comp="204" pin=4"/></net>

<net id="217"><net_src comp="16" pin="0"/><net_sink comp="204" pin=5"/></net>

<net id="221"><net_src comp="16" pin="0"/><net_sink comp="218" pin=0"/></net>

<net id="222"><net_src comp="218" pin="1"/><net_sink comp="197" pin=2"/></net>

<net id="226"><net_src comp="12" pin="0"/><net_sink comp="223" pin=0"/></net>

<net id="230"><net_src comp="14" pin="0"/><net_sink comp="227" pin=0"/></net>

<net id="234"><net_src comp="218" pin="1"/><net_sink comp="231" pin=0"/></net>

<net id="235"><net_src comp="231" pin="1"/><net_sink comp="197" pin=2"/></net>

<net id="239"><net_src comp="10" pin="0"/><net_sink comp="236" pin=0"/></net>

<net id="244"><net_src comp="236" pin="1"/><net_sink comp="240" pin=0"/></net>

<net id="245"><net_src comp="40" pin="0"/><net_sink comp="240" pin=1"/></net>

<net id="250"><net_src comp="223" pin="1"/><net_sink comp="246" pin=0"/></net>

<net id="251"><net_src comp="50" pin="0"/><net_sink comp="246" pin=1"/></net>

<net id="256"><net_src comp="223" pin="1"/><net_sink comp="252" pin=0"/></net>

<net id="257"><net_src comp="40" pin="0"/><net_sink comp="252" pin=1"/></net>

<net id="261"><net_src comp="102" pin="2"/><net_sink comp="258" pin=0"/></net>

<net id="266"><net_src comp="54" pin="0"/><net_sink comp="262" pin=0"/></net>

<net id="267"><net_src comp="18" pin="0"/><net_sink comp="262" pin=1"/></net>

<net id="273"><net_src comp="56" pin="0"/><net_sink comp="268" pin=0"/></net>

<net id="274"><net_src comp="227" pin="1"/><net_sink comp="268" pin=1"/></net>

<net id="275"><net_src comp="58" pin="0"/><net_sink comp="268" pin=2"/></net>

<net id="280"><net_src comp="268" pin="3"/><net_sink comp="276" pin=0"/></net>

<net id="281"><net_src comp="60" pin="0"/><net_sink comp="276" pin=1"/></net>

<net id="282"><net_src comp="276" pin="2"/><net_sink comp="108" pin=2"/></net>

<net id="289"><net_src comp="64" pin="0"/><net_sink comp="283" pin=0"/></net>

<net id="290"><net_src comp="227" pin="1"/><net_sink comp="283" pin=1"/></net>

<net id="291"><net_src comp="223" pin="1"/><net_sink comp="283" pin=2"/></net>

<net id="292"><net_src comp="66" pin="0"/><net_sink comp="283" pin=3"/></net>

<net id="297"><net_src comp="283" pin="4"/><net_sink comp="293" pin=0"/></net>

<net id="298"><net_src comp="68" pin="0"/><net_sink comp="293" pin=1"/></net>

<net id="299"><net_src comp="293" pin="2"/><net_sink comp="108" pin=2"/></net>

<net id="306"><net_src comp="64" pin="0"/><net_sink comp="300" pin=0"/></net>

<net id="307"><net_src comp="227" pin="1"/><net_sink comp="300" pin=1"/></net>

<net id="308"><net_src comp="223" pin="1"/><net_sink comp="300" pin=2"/></net>

<net id="309"><net_src comp="66" pin="0"/><net_sink comp="300" pin=3"/></net>

<net id="314"><net_src comp="300" pin="4"/><net_sink comp="310" pin=0"/></net>

<net id="315"><net_src comp="68" pin="0"/><net_sink comp="310" pin=1"/></net>

<net id="316"><net_src comp="310" pin="2"/><net_sink comp="108" pin=2"/></net>

<net id="320"><net_src comp="18" pin="0"/><net_sink comp="317" pin=0"/></net>

<net id="324"><net_src comp="317" pin="1"/><net_sink comp="321" pin=0"/></net>

<net id="325"><net_src comp="321" pin="1"/><net_sink comp="115" pin=2"/></net>

<net id="331"><net_src comp="56" pin="0"/><net_sink comp="326" pin=0"/></net>

<net id="332"><net_src comp="227" pin="1"/><net_sink comp="326" pin=1"/></net>

<net id="333"><net_src comp="58" pin="0"/><net_sink comp="326" pin=2"/></net>

<net id="338"><net_src comp="326" pin="3"/><net_sink comp="334" pin=0"/></net>

<net id="339"><net_src comp="70" pin="0"/><net_sink comp="334" pin=1"/></net>

<net id="340"><net_src comp="334" pin="2"/><net_sink comp="108" pin=2"/></net>

<net id="345"><net_src comp="190" pin="4"/><net_sink comp="341" pin=0"/></net>

<net id="346"><net_src comp="80" pin="0"/><net_sink comp="341" pin=1"/></net>

<net id="351"><net_src comp="190" pin="4"/><net_sink comp="347" pin=0"/></net>

<net id="352"><net_src comp="86" pin="0"/><net_sink comp="347" pin=1"/></net>

<net id="356"><net_src comp="190" pin="4"/><net_sink comp="353" pin=0"/></net>

<net id="357"><net_src comp="353" pin="1"/><net_sink comp="154" pin=2"/></net>

<net id="362"><net_src comp="90" pin="0"/><net_sink comp="358" pin=0"/></net>

<net id="363"><net_src comp="18" pin="0"/><net_sink comp="358" pin=1"/></net>

<net id="370"><net_src comp="92" pin="0"/><net_sink comp="364" pin=0"/></net>

<net id="371"><net_src comp="160" pin="5"/><net_sink comp="364" pin=1"/></net>

<net id="372"><net_src comp="38" pin="0"/><net_sink comp="364" pin=2"/></net>

<net id="373"><net_src comp="94" pin="0"/><net_sink comp="364" pin=3"/></net>

<net id="374"><net_src comp="364" pin="4"/><net_sink comp="144" pin=4"/></net>

<net id="378"><net_src comp="240" pin="2"/><net_sink comp="375" pin=0"/></net>

<net id="382"><net_src comp="246" pin="2"/><net_sink comp="379" pin=0"/></net>

<net id="386"><net_src comp="252" pin="2"/><net_sink comp="383" pin=0"/></net>

<net id="399"><net_src comp="347" pin="2"/><net_sink comp="396" pin=0"/></net>

<net id="400"><net_src comp="396" pin="1"/><net_sink comp="190" pin=2"/></net>

<net id="404"><net_src comp="166" pin="3"/><net_sink comp="401" pin=0"/></net>

<net id="405"><net_src comp="401" pin="1"/><net_sink comp="160" pin=0"/></net>

<net id="409"><net_src comp="175" pin="3"/><net_sink comp="406" pin=0"/></net>

<net id="410"><net_src comp="406" pin="1"/><net_sink comp="160" pin=3"/></net>

</net_list>

</model> 
---------------- Datapath Model END ------------------

* FSMD analyzer results:
  - Output states:
	Port: dout_V | {3 4 5 6 7 8 }
	Port: pr_V_addr | {10 }
	Port: pr_V_areaID | {10 }
	Port: header_objectID | {1 2 }
	Port: header_methodID | {1 2 }
	Port: header_cb | {1 2 }
	Port: header_size | {1 2 }
	Port: p_status | {3 9 }
	Port: bufferRESP_V | {6 }
 - Input state : 
	Port: Block__proc11 : din_V | {1 2 3 4 5 9 }
	Port: Block__proc11 : prDone_V | {3 }
	Port: Block__proc11 : header_objectID | {3 }
	Port: Block__proc11 : header_methodID | {3 4 5 }
	Port: Block__proc11 : header_cb | {3 4 5 6 }
	Port: Block__proc11 : header_size | {3 }
	Port: Block__proc11 : p_status | {6 }
	Port: Block__proc11 : bufferRESP_V | {8 }
  - Chain level:
	State 1
	State 2
	State 3
		tmp : 1
		StgValue_23 : 2
		StgValue_25 : 1
		tmp_1 : 1
		StgValue_28 : 2
		tmp_4 : 1
		StgValue_30 : 2
		StgValue_32 : 1
		StgValue_35 : 1
		tmp_s : 1
		words32_6 : 2
		StgValue_41 : 2
	State 4
		tmp_6 : 1
		words32_5 : 2
		StgValue_48 : 2
	State 5
		tmp_7 : 1
		words32_7 : 2
		StgValue_55 : 2
	State 6
		tmp_11 : 1
		StgValue_59 : 2
		tmp_12 : 1
		words32_8 : 2
		StgValue_63 : 2
	State 7
	State 8
	State 9
		tmp_5 : 1
		it : 1
		StgValue_79 : 2
		tmp_10 : 1
		words32_addr_2 : 2
		StgValue_83 : 3
		aux : 1
		words32_load_1 : 1
	State 10
		aux_3 : 1
		StgValue_93 : 2


============================================================
+ Verbose Summary: Datapath Resource usage 
============================================================

* Functional unit list:
|----------|-----------------------------|---------|---------|---------|---------|
| Operation|       Functional Unit       |   BRAM  |  Delay  |    FF   |   LUT   |
|----------|-----------------------------|---------|---------|---------|---------|
|   call   |      grp_forward_fu_197     |    0    |    0    |    48   |    36   |
|          |  grp_getRequestHead_fu_204  |    0    | 3.58375 |    70   |    43   |
|----------|-----------------------------|---------|---------|---------|---------|
|          |          tmp_fu_240         |    0    |    0    |    0    |    11   |
|   icmp   |         tmp_1_fu_246        |    0    |    0    |    0    |    11   |
|          |         tmp_4_fu_252        |    0    |    0    |    0    |    11   |
|          |         tmp_5_fu_341        |    0    |    0    |    0    |    8    |
|----------|-----------------------------|---------|---------|---------|---------|
|    add   |          it_fu_347          |    0    |    0    |    0    |    10   |
|----------|-----------------------------|---------|---------|---------|---------|
|  nbread  | prDone_V_read_nbread_fu_102 |    0    |    0    |    0    |    0    |
|----------|-----------------------------|---------|---------|---------|---------|
|          |       grp_write_fu_108      |    0    |    0    |    0    |    0    |
|   write  |   StgValue_59_write_fu_115  |    0    |    0    |    0    |    0    |
|          |   StgValue_93_write_fu_144  |    0    |    0    |    0    |    0    |
|----------|-----------------------------|---------|---------|---------|---------|
| nbreadreq|   tmp_14_nbreadreq_fu_123   |    0    |    0    |    0    |    0    |
|----------|-----------------------------|---------|---------|---------|---------|
|   read   |      tmp_15_read_fu_131     |    0    |    0    |    0    |    0    |
|          |      tmp_9_read_fu_138      |    0    |    0    |    0    |    0    |
|----------|-----------------------------|---------|---------|---------|---------|
|extractvalue|        tmp_16_fu_258        |    0    |    0    |    0    |    0    |
|----------|-----------------------------|---------|---------|---------|---------|
|          |         tmp_s_fu_268        |    0    |    0    |    0    |    0    |
|bitconcatenate|         tmp_6_fu_283        |    0    |    0    |    0    |    0    |
|          |         tmp_7_fu_300        |    0    |    0    |    0    |    0    |
|          |        tmp_12_fu_326        |    0    |    0    |    0    |    0    |
|----------|-----------------------------|---------|---------|---------|---------|
|          |       words32_6_fu_276      |    0    |    0    |    0    |    0    |
|    or    |       words32_5_fu_293      |    0    |    0    |    0    |    0    |
|          |       words32_7_fu_310      |    0    |    0    |    0    |    0    |
|          |       words32_8_fu_334      |    0    |    0    |    0    |    0    |
|----------|-----------------------------|---------|---------|---------|---------|
|   zext   |        tmp_11_fu_321        |    0    |    0    |    0    |    0    |
|          |        tmp_10_fu_353        |    0    |    0    |    0    |    0    |
|----------|-----------------------------|---------|---------|---------|---------|
|partselect|         aux_3_fu_364        |    0    |    0    |    0    |    0    |
|----------|-----------------------------|---------|---------|---------|---------|
|   Total  |                             |    0    | 3.58375 |   118   |   130   |
|----------|-----------------------------|---------|---------|---------|---------|

Memories:
+-------+--------+--------+--------+
|       |  BRAM  |   FF   |   LUT  |
+-------+--------+--------+--------+
|words32|    0   |   64   |    1   |
+-------+--------+--------+--------+
| Total |    0   |   64   |    1   |
+-------+--------+--------+--------+

* Register list:
+----------------------+--------+
|                      |   FF   |
+----------------------+--------+
|   it_0_i_i_reg_186   |    2   |
|      it_reg_396      |    2   |
|        reg_231       |   16   |
|     tmp_1_reg_379    |    1   |
|     tmp_4_reg_383    |    1   |
|      tmp_reg_375     |    1   |
|words32_addr_1_reg_406|    1   |
| words32_addr_reg_401 |    1   |
+----------------------+--------+
|         Total        |   25   |
+----------------------+--------+

* Multiplexer (MUX) list: 
|--------------------|------|------|------|--------||---------||---------|
|        Comp        |  Pin | Size |  BW  | S x BW ||  Delay  ||   LUT   |
|--------------------|------|------|------|--------||---------||---------|
|  grp_write_fu_108  |  p2  |   6  |  32  |   192  ||    33   |
|  grp_access_fu_160 |  p0  |   3  |   1  |    3   ||    15   |
|  grp_access_fu_160 |  p3  |   2  |   1  |    2   ||    9    |
| grp_forward_fu_197 |  p2  |   2  |  16  |   32   ||    9    |
|--------------------|------|------|------|--------||---------||---------|
|        Total       |      |      |      |   229  || 7.30475 ||    66   |
|--------------------|------|------|------|--------||---------||---------|



* Summary:
+-----------+--------+--------+--------+--------+
|           |  BRAM  |  Delay |   FF   |   LUT  |
+-----------+--------+--------+--------+--------+
|  Function |    0   |    3   |   118  |   130  |
|   Memory  |    0   |    -   |   64   |    1   |
|Multiplexer|    -   |    7   |    -   |   66   |
|  Register |    -   |    -   |   25   |    -   |
+-----------+--------+--------+--------+--------+
|   Total   |    0   |   10   |   207  |   197  |
+-----------+--------+--------+--------+--------+
