

================================================================
== Vivado HLS Report for 'getRequestHead'
================================================================
* Date:           Mon Nov 11 13:37:59 2019

* Version:        2017.4 (Build 2086221 on Fri Dec 15 21:13:33 MST 2017)
* Project:        prj.hlsObj
* Solution:       solution
* Product family: zynq
* Target device:  xc7z020clg484-1


================================================================
== Performance Estimates
================================================================
+ Timing (ns): 
    * Summary: 
    +--------+-------+----------+------------+
    |  Clock | Target| Estimated| Uncertainty|
    +--------+-------+----------+------------+
    |ap_clk  |  10.00|      5.96|        1.25|
    +--------+-------+----------+------------+

+ Latency (clock cycles): 
    * Summary: 
    +-----+-----+-----+-----+---------+
    |  Latency  |  Interval | Pipeline|
    | min | max | min | max |   Type  |
    +-----+-----+-----+-----+---------+
    |    4|    4|    4|    4|   none  |
    +-----+-----+-----+-----+---------+

    + Detail: 
        * Instance: 
        N/A

        * Loop: 
        +----------+-----+-----+----------+-----------+-----------+------+----------+
        |          |  Latency  | Iteration|  Initiation Interval  | Trip |          |
        | Loop Name| min | max |  Latency |  achieved |   target  | Count| Pipelined|
        +----------+-----+-----+----------+-----------+-----------+------+----------+
        |- Loop 1  |    2|    2|         1|          -|          -|     2|    no    |
        +----------+-----+-----+----------+-----------+-----------+------+----------+

============================================================
+ Verbose Summary: Synthesis Manager
============================================================
InlineROM: 1
ExposeGlobal: 0
============================================================
+ Verbose Summary: CDFG Model
============================================================
IsTopModel: 0
ResetActiveHigh: 1
IsCombinational: 0
IsDatapathOnly: 0
HasWiredReturn: 1
HasMFsm: 0
HasVarLatency: 1
IsPipeline: 0
IsRtlPipelined: 0
IsInstanceOverlapped: 0
IsDontTouch: 0
HasImplIP: 0
IsGatedGlobalClock: 0


============================================================
+ Verbose Summary: Schedule
============================================================
* Number of FSM states : 3
* Pipeline : 0
* Dataflow Pipeline: 0

* FSM state transitions: 
1 --> 
	2  / true
2 --> 
	3  / (tmp_i)
	2  / (!tmp_i)
3 --> 

* FSM state operations: 

 <State 1> : 2.32ns
ST_1 : Operation 4 [1/1] (2.32ns)   --->   "%words32 = alloca [2 x i32], align 4" [./wrapperAdmin.cc:19]   --->   Core 37 'RAM' <Latency = 1> <II = 1> <Delay = 2.32> <Storage> <Opcode : 'load' 'store'> <Ports = 2> <Width = 32> <Depth = 2> <RAM>
ST_1 : Operation 5 [1/1] (0.00ns)   --->   "call void (...)* @_ssdm_op_SpecInterface(i32* %src_V, [8 x i8]* @p_str2, i32 0, i32 0, [1 x i8]* @p_str, i32 0, i32 0, [1 x i8]* @p_str, [1 x i8]* @p_str, [1 x i8]* @p_str, i32 0, i32 0, i32 0, i32 0, [1 x i8]* @p_str, [1 x i8]* @p_str) nounwind"
ST_1 : Operation 6 [1/1] (1.76ns)   --->   "br label %0" [./wrapperAdmin.cc:21]

 <State 2> : 5.96ns
ST_2 : Operation 7 [1/1] (0.00ns)   --->   "%it_i = phi i2 [ 0, %entry ], [ %it, %1 ]"
ST_2 : Operation 8 [1/1] (0.95ns)   --->   "%tmp_i = icmp eq i2 %it_i, -2" [./wrapperAdmin.cc:21]   --->   Core 25 'Cmp' <Latency = 0> <II = 1> <Delay = 0.95> <FuncUnit> <Opcode : 'icmp'> <InPorts = 2> <OutPorts = 1>
ST_2 : Operation 9 [1/1] (0.00ns)   --->   "%empty = call i32 (...)* @_ssdm_op_SpecLoopTripCount(i64 2, i64 2, i64 2)"
ST_2 : Operation 10 [1/1] (1.56ns)   --->   "%it = add i2 %it_i, 1" [./wrapperAdmin.cc:21]   --->   Core 14 'AddSub' <Latency = 0> <II = 1> <Delay = 1.56> <FuncUnit> <Opcode : 'add' 'sub'> <InPorts = 2> <OutPorts = 1>
ST_2 : Operation 11 [1/1] (0.00ns)   --->   "br i1 %tmp_i, label %getRequestHead.exit, label %1" [./wrapperAdmin.cc:21]
ST_2 : Operation 12 [1/1] (3.63ns)   --->   "%tmp_1 = call i32 @_ssdm_op_Read.ap_fifo.volatile.i32P(i32* %src_V)" [./wrapperAdmin.cc:22]   --->   Core 36 'FIFO_SRL' <Latency = 0> <II = 1> <Delay = 3.63> <Storage> <Opcode : 'read' 'write' 'nbread' 'nbwrite'> <Ports = 0> <Width = 32> <Depth = 0> <FIFO>
ST_2 : Operation 13 [1/1] (0.00ns)   --->   "%tmp_44_i = zext i2 %it_i to i64" [./wrapperAdmin.cc:22]
ST_2 : Operation 14 [1/1] (0.00ns)   --->   "%words32_addr_2 = getelementptr inbounds [2 x i32]* %words32, i64 0, i64 %tmp_44_i" [./wrapperAdmin.cc:22]
ST_2 : Operation 15 [1/1] (2.32ns)   --->   "store i32 %tmp_1, i32* %words32_addr_2, align 4" [./wrapperAdmin.cc:22]   --->   Core 37 'RAM' <Latency = 1> <II = 1> <Delay = 2.32> <Storage> <Opcode : 'load' 'store'> <Ports = 2> <Width = 32> <Depth = 2> <RAM>
ST_2 : Operation 16 [1/1] (0.00ns)   --->   "br label %0" [./wrapperAdmin.cc:21]
ST_2 : Operation 17 [1/1] (0.00ns)   --->   "%words32_addr = getelementptr inbounds [2 x i32]* %words32, i64 0, i64 0" [./wrapperAdmin.cc:24]
ST_2 : Operation 18 [2/2] (2.32ns)   --->   "%words32_load = load i32* %words32_addr, align 4" [./wrapperAdmin.cc:24]   --->   Core 37 'RAM' <Latency = 1> <II = 1> <Delay = 2.32> <Storage> <Opcode : 'load' 'store'> <Ports = 2> <Width = 32> <Depth = 2> <RAM>
ST_2 : Operation 19 [1/1] (0.00ns)   --->   "%words32_addr_1 = getelementptr inbounds [2 x i32]* %words32, i64 0, i64 1" [./wrapperAdmin.cc:28]
ST_2 : Operation 20 [2/2] (2.32ns)   --->   "%words32_load_1 = load i32* %words32_addr_1, align 4" [./wrapperAdmin.cc:28]   --->   Core 37 'RAM' <Latency = 1> <II = 1> <Delay = 2.32> <Storage> <Opcode : 'load' 'store'> <Ports = 2> <Width = 32> <Depth = 2> <RAM>

 <State 3> : 2.32ns
ST_3 : Operation 21 [1/2] (2.32ns)   --->   "%words32_load = load i32* %words32_addr, align 4" [./wrapperAdmin.cc:24]   --->   Core 37 'RAM' <Latency = 1> <II = 1> <Delay = 2.32> <Storage> <Opcode : 'load' 'store'> <Ports = 2> <Width = 32> <Depth = 2> <RAM>
ST_3 : Operation 22 [1/1] (0.00ns)   --->   "%tmp_37_i = call i8 @_ssdm_op_PartSelect.i8.i32.i32.i32(i32 %words32_load, i32 16, i32 23)" [./wrapperAdmin.cc:25]
ST_3 : Operation 23 [1/1] (0.00ns)   --->   "store i8 %tmp_37_i, i8* @header_objectID, align 1" [./wrapperAdmin.cc:25]
ST_3 : Operation 24 [1/1] (0.00ns)   --->   "%tmp_39_i = call i8 @_ssdm_op_PartSelect.i8.i32.i32.i32(i32 %words32_load, i32 8, i32 15)" [./wrapperAdmin.cc:26]
ST_3 : Operation 25 [1/1] (0.00ns)   --->   "store i8 %tmp_39_i, i8* @header_methodID, align 1" [./wrapperAdmin.cc:26]
ST_3 : Operation 26 [1/2] (2.32ns)   --->   "%words32_load_1 = load i32* %words32_addr_1, align 4" [./wrapperAdmin.cc:28]   --->   Core 37 'RAM' <Latency = 1> <II = 1> <Delay = 2.32> <Storage> <Opcode : 'load' 'store'> <Ports = 2> <Width = 32> <Depth = 2> <RAM>
ST_3 : Operation 27 [1/1] (0.00ns)   --->   "%tmp_41_i = call i16 @_ssdm_op_PartSelect.i16.i32.i32.i32(i32 %words32_load_1, i32 16, i32 31)" [./wrapperAdmin.cc:28]
ST_3 : Operation 28 [1/1] (0.00ns)   --->   "store i16 %tmp_41_i, i16* @header_cb, align 2" [./wrapperAdmin.cc:28]
ST_3 : Operation 29 [1/1] (0.00ns)   --->   "%tmp = trunc i32 %words32_load_1 to i16" [./wrapperAdmin.cc:29]
ST_3 : Operation 30 [1/1] (0.00ns)   --->   "store i16 %tmp, i16* @header_size, align 2" [./wrapperAdmin.cc:29]
ST_3 : Operation 31 [1/1] (0.00ns)   --->   "ret void"


============================================================
+ Verbose Summary: Binding
============================================================
STG Binding: 
---------------- STG Properties BEGIN ----------------
- Is combinational: 0
- Is one-state seq: 0
- Is datapath-only: 0
- Is pipelined: 0
- Is top level: 0
Port [ Return ] is wired: 1; IO mode=ap_ctrl_hs:ce=0
Port [ src_V]:  wired=1; compound=1; hidden=0; nouse=0; global=0; static=0; extern=0; dir=0; type=3; pingpong=0; private_global=0; IO mode=ap_fifo:ce=0
Port [ header_objectID]:  wired=1; compound=0; hidden=0; nouse=0; global=1; static=1; extern=0; dir=1; type=0; pingpong=0; private_global=0; linkage=7; visibility=0; IO mode=ap_vld:ce=0
Port [ header_methodID]:  wired=1; compound=0; hidden=0; nouse=0; global=1; static=1; extern=0; dir=1; type=0; pingpong=0; private_global=0; linkage=7; visibility=0; IO mode=ap_vld:ce=0
Port [ header_cb]:  wired=1; compound=0; hidden=0; nouse=0; global=1; static=1; extern=0; dir=1; type=0; pingpong=0; private_global=0; linkage=7; visibility=0; IO mode=ap_vld:ce=0
Port [ header_size]:  wired=1; compound=0; hidden=0; nouse=0; global=1; static=1; extern=0; dir=1; type=0; pingpong=0; private_global=0; linkage=7; visibility=0; IO mode=ap_vld:ce=0
---------------- STG Properties END ------------------

---------------- Datapath Model BEGIN ----------------

<LifeTime>
<method=bitvector/>
words32        (alloca           ) [ 0010]
StgValue_5     (specinterface    ) [ 0000]
StgValue_6     (br               ) [ 0110]
it_i           (phi              ) [ 0010]
tmp_i          (icmp             ) [ 0010]
empty          (speclooptripcount) [ 0000]
it             (add              ) [ 0110]
StgValue_11    (br               ) [ 0000]
tmp_1          (read             ) [ 0000]
tmp_44_i       (zext             ) [ 0000]
words32_addr_2 (getelementptr    ) [ 0000]
StgValue_15    (store            ) [ 0000]
StgValue_16    (br               ) [ 0110]
words32_addr   (getelementptr    ) [ 0001]
words32_addr_1 (getelementptr    ) [ 0001]
words32_load   (load             ) [ 0000]
tmp_37_i       (partselect       ) [ 0000]
StgValue_23    (store            ) [ 0000]
tmp_39_i       (partselect       ) [ 0000]
StgValue_25    (store            ) [ 0000]
words32_load_1 (load             ) [ 0000]
tmp_41_i       (partselect       ) [ 0000]
StgValue_28    (store            ) [ 0000]
tmp            (trunc            ) [ 0000]
StgValue_30    (store            ) [ 0000]
StgValue_31    (ret              ) [ 0000]
</LifeTime>

<model>

<comp_list>
<comp id="0" class="1000" name="src_V">
<pin_list>
<pin id="1" dir="1" index="0" bw="1" slack="0"/>
</pin_list>
<bind>
<StgValue><ssdm name="src_V"/></StgValue>
</bind>
</comp>

<comp id="2" class="1000" name="header_objectID">
<pin_list>
<pin id="3" dir="1" index="0" bw="1" slack="0"/>
</pin_list>
<bind>
<StgValue><ssdm name="header_objectID"/></StgValue>
</bind>
</comp>

<comp id="4" class="1000" name="header_methodID">
<pin_list>
<pin id="5" dir="1" index="0" bw="1" slack="0"/>
</pin_list>
<bind>
<StgValue><ssdm name="header_methodID"/></StgValue>
</bind>
</comp>

<comp id="6" class="1000" name="header_cb">
<pin_list>
<pin id="7" dir="1" index="0" bw="1" slack="0"/>
</pin_list>
<bind>
<StgValue><ssdm name="header_cb"/></StgValue>
</bind>
</comp>

<comp id="8" class="1000" name="header_size">
<pin_list>
<pin id="9" dir="1" index="0" bw="1" slack="0"/>
</pin_list>
<bind>
<StgValue><ssdm name="header_size"/></StgValue>
</bind>
</comp>

<comp id="10" class="1001" name="const_10">
<pin_list>
<pin id="11" dir="1" index="0" bw="1" slack="0"/>
</pin_list>
<bind>
<StgValue><ssdm name=""/></StgValue>
</bind>
</comp>

<comp id="12" class="1001" name="const_12">
<pin_list>
<pin id="13" dir="1" index="0" bw="1" slack="2147483647"/>
</pin_list>
<bind>
<StgValue><ssdm name="_ssdm_op_SpecInterface"/></StgValue>
</bind>
</comp>

<comp id="14" class="1001" name="const_14">
<pin_list>
<pin id="15" dir="1" index="0" bw="1" slack="2147483647"/>
</pin_list>
<bind>
<StgValue><ssdm name="p_str2"/></StgValue>
</bind>
</comp>

<comp id="16" class="1001" name="const_16">
<pin_list>
<pin id="17" dir="1" index="0" bw="1" slack="2147483647"/>
</pin_list>
<bind>
<StgValue><ssdm name=""/></StgValue>
</bind>
</comp>

<comp id="18" class="1001" name="const_18">
<pin_list>
<pin id="19" dir="1" index="0" bw="1" slack="2147483647"/>
</pin_list>
<bind>
<StgValue><ssdm name="p_str"/></StgValue>
</bind>
</comp>

<comp id="20" class="1001" name="const_20">
<pin_list>
<pin id="21" dir="1" index="0" bw="1" slack="1"/>
</pin_list>
<bind>
<StgValue><ssdm name=""/></StgValue>
</bind>
</comp>

<comp id="22" class="1001" name="const_22">
<pin_list>
<pin id="23" dir="1" index="0" bw="1" slack="0"/>
</pin_list>
<bind>
<StgValue><ssdm name=""/></StgValue>
</bind>
</comp>

<comp id="24" class="1001" name="const_24">
<pin_list>
<pin id="25" dir="1" index="0" bw="1" slack="2147483647"/>
</pin_list>
<bind>
<StgValue><ssdm name="_ssdm_op_SpecLoopTripCount"/></StgValue>
</bind>
</comp>

<comp id="26" class="1001" name="const_26">
<pin_list>
<pin id="27" dir="1" index="0" bw="1" slack="2147483647"/>
</pin_list>
<bind>
<StgValue><ssdm name=""/></StgValue>
</bind>
</comp>

<comp id="28" class="1001" name="const_28">
<pin_list>
<pin id="29" dir="1" index="0" bw="1" slack="0"/>
</pin_list>
<bind>
<StgValue><ssdm name=""/></StgValue>
</bind>
</comp>

<comp id="30" class="1001" name="const_30">
<pin_list>
<pin id="31" dir="1" index="0" bw="1" slack="0"/>
</pin_list>
<bind>
<StgValue><ssdm name="_ssdm_op_Read.ap_fifo.volatile.i32P"/></StgValue>
</bind>
</comp>

<comp id="32" class="1001" name="const_32">
<pin_list>
<pin id="33" dir="1" index="0" bw="1" slack="0"/>
</pin_list>
<bind>
<StgValue><ssdm name=""/></StgValue>
</bind>
</comp>

<comp id="34" class="1001" name="const_34">
<pin_list>
<pin id="35" dir="1" index="0" bw="1" slack="0"/>
</pin_list>
<bind>
<StgValue><ssdm name="_ssdm_op_PartSelect.i8.i32.i32.i32"/></StgValue>
</bind>
</comp>

<comp id="36" class="1001" name="const_36">
<pin_list>
<pin id="37" dir="1" index="0" bw="1" slack="0"/>
</pin_list>
<bind>
<StgValue><ssdm name=""/></StgValue>
</bind>
</comp>

<comp id="38" class="1001" name="const_38">
<pin_list>
<pin id="39" dir="1" index="0" bw="1" slack="0"/>
</pin_list>
<bind>
<StgValue><ssdm name=""/></StgValue>
</bind>
</comp>

<comp id="40" class="1001" name="const_40">
<pin_list>
<pin id="41" dir="1" index="0" bw="1" slack="0"/>
</pin_list>
<bind>
<StgValue><ssdm name=""/></StgValue>
</bind>
</comp>

<comp id="42" class="1001" name="const_42">
<pin_list>
<pin id="43" dir="1" index="0" bw="1" slack="0"/>
</pin_list>
<bind>
<StgValue><ssdm name=""/></StgValue>
</bind>
</comp>

<comp id="44" class="1001" name="const_44">
<pin_list>
<pin id="45" dir="1" index="0" bw="1" slack="0"/>
</pin_list>
<bind>
<StgValue><ssdm name="_ssdm_op_PartSelect.i16.i32.i32.i32"/></StgValue>
</bind>
</comp>

<comp id="46" class="1001" name="const_46">
<pin_list>
<pin id="47" dir="1" index="0" bw="1" slack="0"/>
</pin_list>
<bind>
<StgValue><ssdm name=""/></StgValue>
</bind>
</comp>

<comp id="48" class="1004" name="words32_alloca_fu_48">
<pin_list>
<pin id="49" dir="0" index="0" bw="1" slack="0"/>
<pin id="50" dir="1" index="1" bw="32" slack="2147483647"/>
</pin_list>
<bind>
<opcode="alloca(26) " fcode="alloca"/>
<opset="words32/1 "/>
</bind>
</comp>

<comp id="52" class="1004" name="tmp_1_read_fu_52">
<pin_list>
<pin id="53" dir="0" index="0" bw="32" slack="0"/>
<pin id="54" dir="0" index="1" bw="32" slack="0"/>
<pin id="55" dir="1" index="2" bw="32" slack="0"/>
</pin_list>
<bind>
<opcode="read(1150) " fcode="read"/>
<opset="tmp_1/2 "/>
</bind>
</comp>

<comp id="58" class="1004" name="words32_addr_2_gep_fu_58">
<pin_list>
<pin id="59" dir="0" index="0" bw="32" slack="2147483647"/>
<pin id="60" dir="0" index="1" bw="1" slack="0"/>
<pin id="61" dir="0" index="2" bw="2" slack="0"/>
<pin id="62" dir="1" index="3" bw="1" slack="0"/>
</pin_list>
<bind>
<opcode="getelementptr(29) " fcode="getelementptr"/>
<opset="words32_addr_2/2 "/>
</bind>
</comp>

<comp id="64" class="1004" name="grp_access_fu_64">
<pin_list>
<pin id="65" dir="0" index="0" bw="1" slack="0"/>
<pin id="66" dir="0" index="1" bw="32" slack="0"/>
<pin id="85" dir="0" index="3" bw="1" slack="0"/>
<pin id="86" dir="0" index="4" bw="32" slack="2147483647"/>
<pin id="67" dir="1" index="2" bw="32" slack="0"/>
<pin id="87" dir="1" index="5" bw="32" slack="0"/>
</pin_list>
<bind>
<opcode="load(27) store(28) " fcode="load"/>
<opset="StgValue_15/2 words32_load/2 words32_load_1/2 "/>
</bind>
</comp>

<comp id="70" class="1004" name="words32_addr_gep_fu_70">
<pin_list>
<pin id="71" dir="0" index="0" bw="32" slack="2147483647"/>
<pin id="72" dir="0" index="1" bw="1" slack="0"/>
<pin id="73" dir="0" index="2" bw="1" slack="0"/>
<pin id="74" dir="1" index="3" bw="1" slack="0"/>
</pin_list>
<bind>
<opcode="getelementptr(29) " fcode="getelementptr"/>
<opset="words32_addr/2 "/>
</bind>
</comp>

<comp id="78" class="1004" name="words32_addr_1_gep_fu_78">
<pin_list>
<pin id="79" dir="0" index="0" bw="32" slack="2147483647"/>
<pin id="80" dir="0" index="1" bw="1" slack="0"/>
<pin id="81" dir="0" index="2" bw="1" slack="0"/>
<pin id="82" dir="1" index="3" bw="1" slack="0"/>
</pin_list>
<bind>
<opcode="getelementptr(29) " fcode="getelementptr"/>
<opset="words32_addr_1/2 "/>
</bind>
</comp>

<comp id="89" class="1005" name="it_i_reg_89">
<pin_list>
<pin id="90" dir="0" index="0" bw="2" slack="1"/>
<pin id="91" dir="1" index="1" bw="2" slack="1"/>
</pin_list>
<bind>
<opset="it_i (phireg) "/>
</bind>
</comp>

<comp id="93" class="1004" name="it_i_phi_fu_93">
<pin_list>
<pin id="94" dir="0" index="0" bw="1" slack="1"/>
<pin id="95" dir="0" index="1" bw="0" slack="2147483647"/>
<pin id="96" dir="0" index="2" bw="2" slack="0"/>
<pin id="97" dir="0" index="3" bw="0" slack="2147483647"/>
<pin id="98" dir="1" index="4" bw="2" slack="0"/>
</pin_list>
<bind>
<opcode="phi(47) " fcode="phi"/>
<opset="it_i/2 "/>
</bind>
</comp>

<comp id="100" class="1004" name="tmp_i_fu_100">
<pin_list>
<pin id="101" dir="0" index="0" bw="2" slack="0"/>
<pin id="102" dir="0" index="1" bw="2" slack="0"/>
<pin id="103" dir="1" index="2" bw="1" slack="2147483647"/>
</pin_list>
<bind>
<opcode="icmp(45) " fcode="icmp"/>
<opset="tmp_i/2 "/>
</bind>
</comp>

<comp id="106" class="1004" name="it_fu_106">
<pin_list>
<pin id="107" dir="0" index="0" bw="2" slack="0"/>
<pin id="108" dir="0" index="1" bw="1" slack="0"/>
<pin id="109" dir="1" index="2" bw="2" slack="0"/>
</pin_list>
<bind>
<opcode="add(8) " fcode="add"/>
<opset="it/2 "/>
</bind>
</comp>

<comp id="112" class="1004" name="tmp_44_i_fu_112">
<pin_list>
<pin id="113" dir="0" index="0" bw="2" slack="0"/>
<pin id="114" dir="1" index="1" bw="64" slack="0"/>
</pin_list>
<bind>
<opcode="zext(34) " fcode="zext"/>
<opset="tmp_44_i/2 "/>
</bind>
</comp>

<comp id="117" class="1004" name="tmp_37_i_fu_117">
<pin_list>
<pin id="118" dir="0" index="0" bw="8" slack="0"/>
<pin id="119" dir="0" index="1" bw="32" slack="0"/>
<pin id="120" dir="0" index="2" bw="6" slack="0"/>
<pin id="121" dir="0" index="3" bw="6" slack="0"/>
<pin id="122" dir="1" index="4" bw="8" slack="0"/>
</pin_list>
<bind>
<opcode="partselect(1002) " fcode="partselect"/>
<opset="tmp_37_i/3 "/>
</bind>
</comp>

<comp id="127" class="1004" name="StgValue_23_store_fu_127">
<pin_list>
<pin id="128" dir="0" index="0" bw="8" slack="0"/>
<pin id="129" dir="0" index="1" bw="8" slack="0"/>
<pin id="130" dir="1" index="2" bw="0" slack="2147483647"/>
</pin_list>
<bind>
<opcode="store(28) " fcode="store"/>
<opset="StgValue_23/3 "/>
</bind>
</comp>

<comp id="133" class="1004" name="tmp_39_i_fu_133">
<pin_list>
<pin id="134" dir="0" index="0" bw="8" slack="0"/>
<pin id="135" dir="0" index="1" bw="32" slack="0"/>
<pin id="136" dir="0" index="2" bw="5" slack="0"/>
<pin id="137" dir="0" index="3" bw="5" slack="0"/>
<pin id="138" dir="1" index="4" bw="8" slack="0"/>
</pin_list>
<bind>
<opcode="partselect(1002) " fcode="partselect"/>
<opset="tmp_39_i/3 "/>
</bind>
</comp>

<comp id="143" class="1004" name="StgValue_25_store_fu_143">
<pin_list>
<pin id="144" dir="0" index="0" bw="8" slack="0"/>
<pin id="145" dir="0" index="1" bw="8" slack="0"/>
<pin id="146" dir="1" index="2" bw="0" slack="2147483647"/>
</pin_list>
<bind>
<opcode="store(28) " fcode="store"/>
<opset="StgValue_25/3 "/>
</bind>
</comp>

<comp id="149" class="1004" name="tmp_41_i_fu_149">
<pin_list>
<pin id="150" dir="0" index="0" bw="16" slack="0"/>
<pin id="151" dir="0" index="1" bw="32" slack="0"/>
<pin id="152" dir="0" index="2" bw="6" slack="0"/>
<pin id="153" dir="0" index="3" bw="6" slack="0"/>
<pin id="154" dir="1" index="4" bw="16" slack="0"/>
</pin_list>
<bind>
<opcode="partselect(1002) " fcode="partselect"/>
<opset="tmp_41_i/3 "/>
</bind>
</comp>

<comp id="159" class="1004" name="StgValue_28_store_fu_159">
<pin_list>
<pin id="160" dir="0" index="0" bw="16" slack="0"/>
<pin id="161" dir="0" index="1" bw="16" slack="0"/>
<pin id="162" dir="1" index="2" bw="0" slack="2147483647"/>
</pin_list>
<bind>
<opcode="store(28) " fcode="store"/>
<opset="StgValue_28/3 "/>
</bind>
</comp>

<comp id="165" class="1004" name="tmp_fu_165">
<pin_list>
<pin id="166" dir="0" index="0" bw="32" slack="0"/>
<pin id="167" dir="1" index="1" bw="16" slack="0"/>
</pin_list>
<bind>
<opcode="trunc(33) " fcode="trunc"/>
<opset="tmp/3 "/>
</bind>
</comp>

<comp id="169" class="1004" name="StgValue_30_store_fu_169">
<pin_list>
<pin id="170" dir="0" index="0" bw="16" slack="0"/>
<pin id="171" dir="0" index="1" bw="16" slack="0"/>
<pin id="172" dir="1" index="2" bw="0" slack="2147483647"/>
</pin_list>
<bind>
<opcode="store(28) " fcode="store"/>
<opset="StgValue_30/3 "/>
</bind>
</comp>

<comp id="178" class="1005" name="it_reg_178">
<pin_list>
<pin id="179" dir="0" index="0" bw="2" slack="0"/>
<pin id="180" dir="1" index="1" bw="2" slack="0"/>
</pin_list>
<bind>
<opset="it "/>
</bind>
</comp>

<comp id="183" class="1005" name="words32_addr_reg_183">
<pin_list>
<pin id="184" dir="0" index="0" bw="1" slack="1"/>
<pin id="185" dir="1" index="1" bw="1" slack="1"/>
</pin_list>
<bind>
<opset="words32_addr "/>
</bind>
</comp>

<comp id="188" class="1005" name="words32_addr_1_reg_188">
<pin_list>
<pin id="189" dir="0" index="0" bw="1" slack="1"/>
<pin id="190" dir="1" index="1" bw="1" slack="1"/>
</pin_list>
<bind>
<opset="words32_addr_1 "/>
</bind>
</comp>

</comp_list>

<net_list>
<net id="51"><net_src comp="10" pin="0"/><net_sink comp="48" pin=0"/></net>

<net id="56"><net_src comp="30" pin="0"/><net_sink comp="52" pin=0"/></net>

<net id="57"><net_src comp="0" pin="0"/><net_sink comp="52" pin=1"/></net>

<net id="63"><net_src comp="32" pin="0"/><net_sink comp="58" pin=1"/></net>

<net id="68"><net_src comp="52" pin="2"/><net_sink comp="64" pin=1"/></net>

<net id="69"><net_src comp="58" pin="3"/><net_sink comp="64" pin=0"/></net>

<net id="75"><net_src comp="32" pin="0"/><net_sink comp="70" pin=1"/></net>

<net id="76"><net_src comp="32" pin="0"/><net_sink comp="70" pin=2"/></net>

<net id="77"><net_src comp="70" pin="3"/><net_sink comp="64" pin=0"/></net>

<net id="83"><net_src comp="32" pin="0"/><net_sink comp="78" pin=1"/></net>

<net id="84"><net_src comp="10" pin="0"/><net_sink comp="78" pin=2"/></net>

<net id="88"><net_src comp="78" pin="3"/><net_sink comp="64" pin=3"/></net>

<net id="92"><net_src comp="20" pin="0"/><net_sink comp="89" pin=0"/></net>

<net id="99"><net_src comp="89" pin="1"/><net_sink comp="93" pin=0"/></net>

<net id="104"><net_src comp="93" pin="4"/><net_sink comp="100" pin=0"/></net>

<net id="105"><net_src comp="22" pin="0"/><net_sink comp="100" pin=1"/></net>

<net id="110"><net_src comp="93" pin="4"/><net_sink comp="106" pin=0"/></net>

<net id="111"><net_src comp="28" pin="0"/><net_sink comp="106" pin=1"/></net>

<net id="115"><net_src comp="93" pin="4"/><net_sink comp="112" pin=0"/></net>

<net id="116"><net_src comp="112" pin="1"/><net_sink comp="58" pin=2"/></net>

<net id="123"><net_src comp="34" pin="0"/><net_sink comp="117" pin=0"/></net>

<net id="124"><net_src comp="64" pin="2"/><net_sink comp="117" pin=1"/></net>

<net id="125"><net_src comp="36" pin="0"/><net_sink comp="117" pin=2"/></net>

<net id="126"><net_src comp="38" pin="0"/><net_sink comp="117" pin=3"/></net>

<net id="131"><net_src comp="117" pin="4"/><net_sink comp="127" pin=0"/></net>

<net id="132"><net_src comp="2" pin="0"/><net_sink comp="127" pin=1"/></net>

<net id="139"><net_src comp="34" pin="0"/><net_sink comp="133" pin=0"/></net>

<net id="140"><net_src comp="64" pin="2"/><net_sink comp="133" pin=1"/></net>

<net id="141"><net_src comp="40" pin="0"/><net_sink comp="133" pin=2"/></net>

<net id="142"><net_src comp="42" pin="0"/><net_sink comp="133" pin=3"/></net>

<net id="147"><net_src comp="133" pin="4"/><net_sink comp="143" pin=0"/></net>

<net id="148"><net_src comp="4" pin="0"/><net_sink comp="143" pin=1"/></net>

<net id="155"><net_src comp="44" pin="0"/><net_sink comp="149" pin=0"/></net>

<net id="156"><net_src comp="64" pin="5"/><net_sink comp="149" pin=1"/></net>

<net id="157"><net_src comp="36" pin="0"/><net_sink comp="149" pin=2"/></net>

<net id="158"><net_src comp="46" pin="0"/><net_sink comp="149" pin=3"/></net>

<net id="163"><net_src comp="149" pin="4"/><net_sink comp="159" pin=0"/></net>

<net id="164"><net_src comp="6" pin="0"/><net_sink comp="159" pin=1"/></net>

<net id="168"><net_src comp="64" pin="5"/><net_sink comp="165" pin=0"/></net>

<net id="173"><net_src comp="165" pin="1"/><net_sink comp="169" pin=0"/></net>

<net id="174"><net_src comp="8" pin="0"/><net_sink comp="169" pin=1"/></net>

<net id="181"><net_src comp="106" pin="2"/><net_sink comp="178" pin=0"/></net>

<net id="182"><net_src comp="178" pin="1"/><net_sink comp="93" pin=2"/></net>

<net id="186"><net_src comp="70" pin="3"/><net_sink comp="183" pin=0"/></net>

<net id="187"><net_src comp="183" pin="1"/><net_sink comp="64" pin=0"/></net>

<net id="191"><net_src comp="78" pin="3"/><net_sink comp="188" pin=0"/></net>

<net id="192"><net_src comp="188" pin="1"/><net_sink comp="64" pin=3"/></net>

</net_list>

</model> 
---------------- Datapath Model END ------------------

* FSMD analyzer results:
  - Output states:
	Port: header_objectID | {3 }
	Port: header_methodID | {3 }
	Port: header_cb | {3 }
	Port: header_size | {3 }
 - Input state : 
	Port: getRequestHead : src_V | {2 }
  - Chain level:
	State 1
	State 2
		tmp_i : 1
		it : 1
		StgValue_11 : 2
		tmp_44_i : 1
		words32_addr_2 : 2
		StgValue_15 : 3
		words32_load : 1
		words32_load_1 : 1
	State 3
		tmp_37_i : 1
		StgValue_23 : 2
		tmp_39_i : 1
		StgValue_25 : 2
		tmp_41_i : 1
		StgValue_28 : 2
		tmp : 1
		StgValue_30 : 2


============================================================
+ Verbose Summary: Datapath Resource usage 
============================================================

* Functional unit list:
|----------|------------------|---------|---------|
| Operation|  Functional Unit |    FF   |   LUT   |
|----------|------------------|---------|---------|
|    add   |     it_fu_106    |    0    |    10   |
|----------|------------------|---------|---------|
|   icmp   |   tmp_i_fu_100   |    0    |    8    |
|----------|------------------|---------|---------|
|   read   | tmp_1_read_fu_52 |    0    |    0    |
|----------|------------------|---------|---------|
|   zext   |  tmp_44_i_fu_112 |    0    |    0    |
|----------|------------------|---------|---------|
|          |  tmp_37_i_fu_117 |    0    |    0    |
|partselect|  tmp_39_i_fu_133 |    0    |    0    |
|          |  tmp_41_i_fu_149 |    0    |    0    |
|----------|------------------|---------|---------|
|   trunc  |    tmp_fu_165    |    0    |    0    |
|----------|------------------|---------|---------|
|   Total  |                  |    0    |    18   |
|----------|------------------|---------|---------|

Memories:
+-------+--------+--------+--------+
|       |  BRAM  |   FF   |   LUT  |
+-------+--------+--------+--------+
|words32|    0   |   64   |    1   |
+-------+--------+--------+--------+
| Total |    0   |   64   |    1   |
+-------+--------+--------+--------+

* Register list:
+----------------------+--------+
|                      |   FF   |
+----------------------+--------+
|      it_i_reg_89     |    2   |
|      it_reg_178      |    2   |
|words32_addr_1_reg_188|    1   |
| words32_addr_reg_183 |    1   |
+----------------------+--------+
|         Total        |    6   |
+----------------------+--------+

* Multiplexer (MUX) list: 
|------------------|------|------|------|--------||---------||---------|
|       Comp       |  Pin | Size |  BW  | S x BW ||  Delay  ||   LUT   |
|------------------|------|------|------|--------||---------||---------|
| grp_access_fu_64 |  p0  |   3  |   1  |    3   ||    15   |
| grp_access_fu_64 |  p3  |   2  |   1  |    2   ||    9    |
|------------------|------|------|------|--------||---------||---------|
|       Total      |      |      |      |    5   || 3.58375 ||    24   |
|------------------|------|------|------|--------||---------||---------|



* Summary:
+-----------+--------+--------+--------+--------+
|           |  BRAM  |  Delay |   FF   |   LUT  |
+-----------+--------+--------+--------+--------+
|  Function |    -   |    -   |    0   |   18   |
|   Memory  |    0   |    -   |   64   |    1   |
|Multiplexer|    -   |    3   |    -   |   24   |
|  Register |    -   |    -   |    6   |    -   |
+-----------+--------+--------+--------+--------+
|   Total   |    0   |    3   |   70   |   43   |
+-----------+--------+--------+--------+--------+
