

================================================================
== Vivado HLS Report for 'getRequestHead'
================================================================
* Date:           Mon Nov 11 13:37:59 2019

* Version:        2017.4 (Build 2086221 on Fri Dec 15 21:13:33 MST 2017)
* Project:        prj.hlsObj
* Solution:       solution
* Product family: zynq
* Target device:  xc7z020clg484-1


================================================================
== Performance Estimates
================================================================
+ Timing (ns): 
    * Summary: 
    +--------+-------+----------+------------+
    |  Clock | Target| Estimated| Uncertainty|
    +--------+-------+----------+------------+
    |ap_clk  |  10.00|      5.96|        1.25|
    +--------+-------+----------+------------+

+ Latency (clock cycles): 
    * Summary: 
    +-----+-----+-----+-----+---------+
    |  Latency  |  Interval | Pipeline|
    | min | max | min | max |   Type  |
    +-----+-----+-----+-----+---------+
    |    4|    4|    4|    4|   none  |
    +-----+-----+-----+-----+---------+

    + Detail: 
        * Instance: 
        N/A

        * Loop: 
        +----------+-----+-----+----------+-----------+-----------+------+----------+
        |          |  Latency  | Iteration|  Initiation Interval  | Trip |          |
        | Loop Name| min | max |  Latency |  achieved |   target  | Count| Pipelined|
        +----------+-----+-----+----------+-----------+-----------+------+----------+
        |- Loop 1  |    2|    2|         1|          -|          -|     2|    no    |
        +----------+-----+-----+----------+-----------+-----------+------+----------+



================================================================
== Utilization Estimates
================================================================
* Summary: 
+-----------------+---------+-------+--------+-------+
|       Name      | BRAM_18K| DSP48E|   FF   |  LUT  |
+-----------------+---------+-------+--------+-------+
|DSP              |        -|      -|       -|      -|
|Expression       |        -|      -|       0|     27|
|FIFO             |        -|      -|       -|      -|
|Instance         |        -|      -|       -|      -|
|Memory           |        0|      -|      64|      1|
|Multiplexer      |        -|      -|       -|     54|
|Register         |        -|      -|       5|      -|
+-----------------+---------+-------+--------+-------+
|Total            |        0|      0|      69|     82|
+-----------------+---------+-------+--------+-------+
|Available        |      280|    220|  106400|  53200|
+-----------------+---------+-------+--------+-------+
|Utilization (%)  |        0|      0|   ~0   |   ~0  |
+-----------------+---------+-------+--------+-------+

+ Detail: 
    * Instance: 
    N/A

    * DSP48: 
    N/A

    * Memory: 
    +-----------+----------------------+---------+----+----+------+-----+------+-------------+
    |   Memory  |        Module        | BRAM_18K| FF | LUT| Words| Bits| Banks| W*Bits*Banks|
    +-----------+----------------------+---------+----+----+------+-----+------+-------------+
    |words32_U  |getRequestHead_wobkb  |        0|  64|   1|     2|   32|     1|           64|
    +-----------+----------------------+---------+----+----+------+-----+------+-------------+
    |Total      |                      |        0|  64|   1|     2|   32|     1|           64|
    +-----------+----------------------+---------+----+----+------+-----+------+-------------+

    * FIFO: 
    N/A

    * Expression: 
    +-----------------+----------+-------+---+----+------------+------------+
    |  Variable Name  | Operation| DSP48E| FF| LUT| Bitwidth P0| Bitwidth P1|
    +-----------------+----------+-------+---+----+------------+------------+
    |it_fu_106_p2     |     +    |      0|  0|  10|           2|           1|
    |ap_block_state2  |    and   |      0|  0|   8|           1|           1|
    |tmp_i_fu_100_p2  |   icmp   |      0|  0|   9|           2|           3|
    +-----------------+----------+-------+---+----+------------+------------+
    |Total            |          |      0|  0|  27|           5|           5|
    +-----------------+----------+-------+---+----+------------+------------+

    * Multiplexer: 
    +------------------+----+-----------+-----+-----------+
    |       Name       | LUT| Input Size| Bits| Total Bits|
    +------------------+----+-----------+-----+-----------+
    |ap_NS_fsm         |  21|          4|    1|          4|
    |it_i_reg_89       |   9|          2|    2|          4|
    |src_V_blk_n       |   9|          2|    1|          2|
    |words32_address0  |  15|          3|    1|          3|
    +------------------+----+-----------+-----+-----------+
    |Total             |  54|         11|    5|         13|
    +------------------+----+-----------+-----+-----------+

    * Register: 
    +-------------+---+----+-----+-----------+
    |     Name    | FF| LUT| Bits| Const Bits|
    +-------------+---+----+-----+-----------+
    |ap_CS_fsm    |  3|   0|    3|          0|
    |it_i_reg_89  |  2|   0|    2|          0|
    +-------------+---+----+-----+-----------+
    |Total        |  5|   0|    5|          0|
    +-------------+---+----+-----+-----------+



================================================================
== Interface
================================================================
* Summary: 
+------------------------+-----+-----+------------+-----------------+--------------+
|        RTL Ports       | Dir | Bits|  Protocol  |  Source Object  |    C Type    |
+------------------------+-----+-----+------------+-----------------+--------------+
|ap_clk                  |  in |    1| ap_ctrl_hs |  getRequestHead | return value |
|ap_rst                  |  in |    1| ap_ctrl_hs |  getRequestHead | return value |
|ap_start                |  in |    1| ap_ctrl_hs |  getRequestHead | return value |
|ap_done                 | out |    1| ap_ctrl_hs |  getRequestHead | return value |
|ap_idle                 | out |    1| ap_ctrl_hs |  getRequestHead | return value |
|ap_ready                | out |    1| ap_ctrl_hs |  getRequestHead | return value |
|src_V_dout              |  in |   32|   ap_fifo  |      src_V      |    pointer   |
|src_V_empty_n           |  in |    1|   ap_fifo  |      src_V      |    pointer   |
|src_V_read              | out |    1|   ap_fifo  |      src_V      |    pointer   |
|header_objectID         | out |    8|   ap_vld   | header_objectID |    pointer   |
|header_objectID_ap_vld  | out |    1|   ap_vld   | header_objectID |    pointer   |
|header_methodID         | out |    8|   ap_vld   | header_methodID |    pointer   |
|header_methodID_ap_vld  | out |    1|   ap_vld   | header_methodID |    pointer   |
|header_cb               | out |   16|   ap_vld   |    header_cb    |    pointer   |
|header_cb_ap_vld        | out |    1|   ap_vld   |    header_cb    |    pointer   |
|header_size             | out |   16|   ap_vld   |   header_size   |    pointer   |
|header_size_ap_vld      | out |    1|   ap_vld   |   header_size   |    pointer   |
+------------------------+-----+-----+------------+-----------------+--------------+

